----------------------------------------------------------------------------------------------------
------------------------------------ MegaLinter, by OX Security ------------------------------------
----------------------------------------------------------------------------------------------------
 - Image Creation Date: 2023-09-22T15:10:54Z
 - Image Revision: a87b2872713c6bdde46d2473c5d7ed23e5752dc2
 - Image Version: v7.4.0
----------------------------------------------------------------------------------------------------
The MegaLinter documentation can be found at:
 - https://megalinter.io/7.4.0
----------------------------------------------------------------------------------------------------
MegaLinter initialization
MegaLinter will analyze workspace [/tmp/lint]

MARKDOWN_REMARK_LINT has been temporary disabled in MegaLinter, please use a previous MegaLinter version or wait for the next one !
Skipped linters: ACTION_ACTIONLINT, ANSIBLE_ANSIBLE_LINT, ARM_ARM_TTK, BASH_EXEC, BASH_SHELLCHECK, BASH_SHFMT, BICEP_BICEP_LINTER, CLOJURE_CLJSTYLE, CLOJURE_CLJ_KONDO, CLOUDFORMATION_CFN_LINT, COFFEE_COFFEELINT, COPYPASTE_JSCPD, CPP_CPPLINT, CSHARP_CSHARPIER, CSHARP_DOTNET_FORMAT, CSS_SCSS_LINT, CSS_STYLELINT, C_CPPLINT, DART_DARTANALYZER, DOCKERFILE_HADOLINT, EDITORCONFIG_EDITORCONFIG_CHECKER, ENV_DOTENV_LINTER, GHERKIN_GHERKIN_LINT, GO_GOLANGCI_LINT, GO_REVIVE, GRAPHQL_GRAPHQL_SCHEMA_LINTER, GROOVY_NPM_GROOVY_LINT, HTML_DJLINT, HTML_HTMLHINT, JAVASCRIPT_ES, JAVASCRIPT_PRETTIER, JAVASCRIPT_STANDARD, JAVA_CHECKSTYLE, JAVA_PMD, JSON_ESLINT_PLUGIN_JSONC, JSON_JSONLINT, JSON_NPM_PACKAGE_JSON_LINT, JSON_PRETTIER, JSON_V8R, JSX_ESLINT, KOTLIN_KTLINT, KUBERNETES_HELM, KUBERNETES_KUBECONFORM, KUBERNETES_KUBESCAPE, LATEX_CHKTEX, LUA_LUACHECK, MAKEFILE_CHECKMAKE, MARKDOWN_MARKDOWNLINT, MARKDOWN_MARKDOWN_LINK_CHECK, MARKDOWN_MARKDOWN_TABLE_FORMATTER, MARKDOWN_REMARK_LINT, OPENAPI_SPECTRAL, PERL_PERLCRITIC, PHP_PHPCS, PHP_PHPLINT, PHP_PHPSTAN, PHP_PSALM, POWERSHELL_POWERSHELL, POWERSHELL_POWERSHELL_FORMATTER, PROTOBUF_PROTOLINT, PUPPET_PUPPET_LINT, PYTHON_BANDIT, PYTHON_BLACK, PYTHON_FLAKE8, PYTHON_ISORT, PYTHON_MYPY, PYTHON_PYLINT, PYTHON_PYRIGHT, PYTHON_RUFF, RAKU_RAKU, REPOSITORY_CHECKOV, REPOSITORY_DEVSKIM, REPOSITORY_DUSTILOCK, REPOSITORY_GITLEAKS, REPOSITORY_GIT_DIFF, REPOSITORY_GRYPE, REPOSITORY_KICS, REPOSITORY_SECRETLINT, REPOSITORY_SEMGREP, REPOSITORY_SYFT, REPOSITORY_TRIVY, REPOSITORY_TRIVY_SBOM, REPOSITORY_TRUFFLEHOG, RST_RSTCHECK, RST_RSTFMT, RST_RST_LINT, RUBY_RUBOCOP, RUST_CLIPPY, R_LINTR, SALESFORCE_SFDX_SCANNER_APEX, SALESFORCE_SFDX_SCANNER_AURA, SALESFORCE_SFDX_SCANNER_LWC, SCALA_SCALAFIX, SNAKEMAKE_LINT, SNAKEMAKE_SNAKEFMT, SPELL_CSPELL, SPELL_LYCHEE, SPELL_PROSELINT, SPELL_VALE, SQL_SQLFLUFF, SQL_SQL_LINT, SQL_TSQLLINT, SWIFT_SWIFTLINT, TEKTON_TEKTON_LINT, TERRAFORM_TERRAFORM_FMT, TERRAFORM_TERRAGRUNT, TERRAFORM_TERRASCAN, TERRAFORM_TFLINT, TSX_ESLINT, TYPESCRIPT_ES, TYPESCRIPT_PRETTIER, TYPESCRIPT_STANDARD, VBDOTNET_DOTNET_FORMAT, XML_XMLLINT
To receive reports as email, please set variable EMAIL_REPORTER_EMAIL

MegaLinter now collects the files to analyse
Listing all files in directory [/tmp/lint], then filter with:
- File extensions: .yaml, .yml
- Excluding regex: .*contrib/helm.*
- Excluding .gitignored files [3731]: .idea/codeStyles/codeStyleConfig.xml, .idea/compiler.xml, .idea/emissary.iml, .idea/encodings.xml, .idea/libraries/Maven__ch_qos_logback_logback_classic_1_2_11.xml, .idea/libraries/Maven__ch_qos_logback_logback_core_1_2_11.xml, .idea/libraries/Maven__com_fasterxml_jackson_core_jackson_annotations_2_13_4.xml, .idea/libraries/Maven__com_fasterxml_jackson_core_jackson_core_2_13_4.xml, .idea/libraries/Maven__com_fasterxml_jackson_core_jackson_databind_2_13_4_2.xml, .idea/libraries/Maven__com_fasterxml_jackson_module_jackson_module_jaxb_annotations_2_13_4.xml,…(full list in DEBUG)
Kept [15] files on [4546] found files

+----MATCHING LINTERS---+------------+----------------+------------+
| Descriptor | Linter   | Criteria   | Matching files | Format/Fix |
+------------+----------+------------+----------------+------------+
| YAML       | prettier | .yml|.yaml | 15             | yes        |
| YAML       | yamllint | .yml|.yaml | 15             | no         |
| YAML       | v8r      | .yml|.yaml | 15             | no         |
+------------+----------+------------+----------------+------------+

Processing linters on [16] parallel cores…
[32m✅ Linted [YAML] files with [yamllint] successfully - (0.26s)[0m
- Using [yamllint v1.32.0] https://megalinter.io/7.4.0/descriptors/yaml_yamllint
- MegaLinter key: [YAML_YAMLLINT]
- Rules config: [.yamllint.yml]
- Number of files analyzed: [15]

[32m✅ Linted [YAML] files with [prettier] successfully - (0.49s)[0m
- Using [prettier v3.0.3] https://megalinter.io/7.4.0/descriptors/yaml_prettier
- MegaLinter key: [YAML_PRETTIER]
- Rules config: identified by [prettier]
- Number of files analyzed: [15]

[32m✅ Linted [YAML] files with [v8r] successfully - (3.93s)[0m
- Using [v8r v2.0.0] https://megalinter.io/7.4.0/descriptors/yaml_v8r
- MegaLinter key: [YAML_V8R]
- Rules config: identified by [v8r]
- Number of files analyzed: [15]

[Updated Sources Reporter] copied 10 fixed source files in folder /tmp/lint/megalinter-reports/updated_sources.
Download it from artifacts then copy-paste it in your local repo to apply linters updates

+----SUMMARY-+----------+---------------+-------+-------+--------+--------------+
| Descriptor | Linter   | Mode          | Files | Fixed | Errors | Elapsed time |
+------------+----------+---------------+-------+-------+--------+--------------+
| ✅ YAML    | prettier | list_of_files |    15 |    10 |      0 |        0.49s |
| ✅ YAML    | v8r      | list_of_files |    15 |       |      0 |        3.93s |
| ✅ YAML    | yamllint | list_of_files |    15 |       |      0 |        0.26s |
+------------+----------+---------------+-------+-------+--------+--------------+

[34mYou could have same capabilities but better runtime performances if you use a MegaLinter flavor:[0m
- [ci_light] oxsecurity/megalinter/flavors/ci_light@v7 (22 linters) https://megalinter.io/7.4.0/flavors/ci_light/
- [documentation] oxsecurity/megalinter/flavors/documentation@v7 (51 linters) https://megalinter.io/7.4.0/flavors/documentation/
- [ruby] oxsecurity/megalinter/flavors/ruby@v7 (51 linters) https://megalinter.io/7.4.0/flavors/ruby/
- [rust] oxsecurity/megalinter/flavors/rust@v7 (51 linters) https://megalinter.io/7.4.0/flavors/rust/
- [swift] oxsecurity/megalinter/flavors/swift@v7 (51 linters) https://megalinter.io/7.4.0/flavors/swift/
- [go] oxsecurity/megalinter/flavors/go@v7 (53 linters) https://megalinter.io/7.4.0/flavors/go/
- [php] oxsecurity/megalinter/flavors/php@v7 (54 linters) https://megalinter.io/7.4.0/flavors/php/
- [salesforce] oxsecurity/megalinter/flavors/salesforce@v7 (54 linters) https://megalinter.io/7.4.0/flavors/salesforce/
- [java] oxsecurity/megalinter/flavors/java@v7 (55 linters) https://megalinter.io/7.4.0/flavors/java/
- [terraform] oxsecurity/megalinter/flavors/terraform@v7 (55 linters) https://megalinter.io/7.4.0/flavors/terraform/
- [javascript] oxsecurity/megalinter/flavors/javascript@v7 (60 linters) https://megalinter.io/7.4.0/flavors/javascript/
- [python] oxsecurity/megalinter/flavors/python@v7 (62 linters) https://megalinter.io/7.4.0/flavors/python/
- [dotnet] oxsecurity/megalinter/flavors/dotnet@v7 (63 linters) https://megalinter.io/7.4.0/flavors/dotnet/
- [dotnetweb] oxsecurity/megalinter/flavors/dotnetweb@v7 (72 linters) https://megalinter.io/7.4.0/flavors/dotnetweb/
- [cupcake] oxsecurity/megalinter/flavors/cupcake@v7 (85 linters) https://megalinter.io/7.4.0/flavors/cupcake/

[32m✅ Successfully linted all files without errors[0m
