Results of trivy linter (version 0.45.1)
See documentation on https://megalinter.io/7.4.0/descriptors/repository_trivy/
-----------------------------------------------

❌ [ERROR] for workspace /tmp/lint
Linter raw log:
2023-10-10T10:15:12.946Z	INFO	Need to update DB
2023-10-10T10:15:12.955Z	INFO	DB Repository: ghcr.io/aquasecurity/trivy-db
2023-10-10T10:15:12.956Z	INFO	Downloading DB...
1.30 MiB / 40.28 MiB [-->____________________________________________________________] 3.22% ? p/s ?2.37 MiB / 40.28 MiB [--->___________________________________________________________] 5.88% ? p/s ?3.22 MiB / 40.28 MiB [----->_________________________________________________________] 7.99% ? p/s ?3.94 MiB / 40.28 MiB [---->______________________________________________] 9.79% 4.41 MiB p/s ETA 8s4.70 MiB / 40.28 MiB [----->____________________________________________] 11.67% 4.41 MiB p/s ETA 8s5.50 MiB / 40.28 MiB [------>___________________________________________] 13.65% 4.41 MiB p/s ETA 7s6.34 MiB / 40.28 MiB [------->__________________________________________] 15.74% 4.39 MiB p/s ETA 7s7.06 MiB / 40.28 MiB [-------->_________________________________________] 17.54% 4.39 MiB p/s ETA 7s7.59 MiB / 40.28 MiB [--------->________________________________________] 18.83% 4.39 MiB p/s ETA 7s8.32 MiB / 40.28 MiB [---------->_______________________________________] 20.65% 4.32 MiB p/s ETA 7s9.55 MiB / 40.28 MiB [----------->______________________________________] 23.70% 4.32 MiB p/s ETA 7s10.91 MiB / 40.28 MiB [------------->___________________________________] 27.09% 4.32 MiB p/s ETA 6s12.48 MiB / 40.28 MiB [--------------->_________________________________] 30.99% 4.49 MiB p/s ETA 6s14.40 MiB / 40.28 MiB [----------------->_______________________________] 35.75% 4.49 MiB p/s ETA 5s16.19 MiB / 40.28 MiB [------------------->_____________________________] 40.20% 4.49 MiB p/s ETA 5s18.33 MiB / 40.28 MiB [---------------------->__________________________] 45.50% 4.83 MiB p/s ETA 4s20.59 MiB / 40.28 MiB [------------------------->_______________________] 51.12% 4.83 MiB p/s ETA 4s23.89 MiB / 40.28 MiB [----------------------------->___________________] 59.32% 4.83 MiB p/s ETA 3s26.01 MiB / 40.28 MiB [------------------------------->_________________] 64.58% 5.34 MiB p/s ETA 2s28.64 MiB / 40.28 MiB [---------------------------------->______________] 71.10% 5.34 MiB p/s ETA 2s31.00 MiB / 40.28 MiB [------------------------------------->___________] 76.97% 5.34 MiB p/s ETA 1s32.38 MiB / 40.28 MiB [--------------------------------------->_________] 80.38% 5.68 MiB p/s ETA 1s34.03 MiB / 40.28 MiB [----------------------------------------->_______] 84.48% 5.68 MiB p/s ETA 1s35.38 MiB / 40.28 MiB [------------------------------------------->_____] 87.83% 5.68 MiB p/s ETA 0s37.17 MiB / 40.28 MiB [--------------------------------------------->___] 92.29% 5.83 MiB p/s ETA 0s39.26 MiB / 40.28 MiB [----------------------------------------------->_] 97.47% 5.83 MiB p/s ETA 0s40.28 MiB / 40.28 MiB [----------------------------------------------->] 100.00% 5.83 MiB p/s ETA 0s40.28 MiB / 40.28 MiB [----------------------------------------------->] 100.00% 5.79 MiB p/s ETA 0s40.28 MiB / 40.28 MiB [----------------------------------------------->] 100.00% 5.79 MiB p/s ETA 0s40.28 MiB / 40.28 MiB [----------------------------------------------->] 100.00% 5.79 MiB p/s ETA 0s40.28 MiB / 40.28 MiB [----------------------------------------------->] 100.00% 5.41 MiB p/s ETA 0s40.28 MiB / 40.28 MiB [----------------------------------------------->] 100.00% 5.41 MiB p/s ETA 0s40.28 MiB / 40.28 MiB [----------------------------------------------->] 100.00% 5.41 MiB p/s ETA 0s40.28 MiB / 40.28 MiB [----------------------------------------------->] 100.00% 5.06 MiB p/s ETA 0s40.28 MiB / 40.28 MiB [----------------------------------------------->] 100.00% 5.06 MiB p/s ETA 0s40.28 MiB / 40.28 MiB [----------------------------------------------->] 100.00% 5.06 MiB p/s ETA 0s40.28 MiB / 40.28 MiB [----------------------------------------------->] 100.00% 4.74 MiB p/s ETA 0s40.28 MiB / 40.28 MiB [----------------------------------------------->] 100.00% 4.74 MiB p/s ETA 0s40.28 MiB / 40.28 MiB [----------------------------------------------->] 100.00% 4.74 MiB p/s ETA 0s40.28 MiB / 40.28 MiB [----------------------------------------------->] 100.00% 4.43 MiB p/s ETA 0s40.28 MiB / 40.28 MiB [----------------------------------------------->] 100.00% 4.43 MiB p/s ETA 0s40.28 MiB / 40.28 MiB [----------------------------------------------->] 100.00% 4.43 MiB p/s ETA 0s40.28 MiB / 40.28 MiB [----------------------------------------------->] 100.00% 4.15 MiB p/s ETA 0s40.28 MiB / 40.28 MiB [----------------------------------------------->] 100.00% 4.15 MiB p/s ETA 0s40.28 MiB / 40.28 MiB [----------------------------------------------->] 100.00% 4.15 MiB p/s ETA 0s40.28 MiB / 40.28 MiB [----------------------------------------------->] 100.00% 3.88 MiB p/s ETA 0s40.28 MiB / 40.28 MiB [----------------------------------------------->] 100.00% 3.88 MiB p/s ETA 0s40.28 MiB / 40.28 MiB [----------------------------------------------->] 100.00% 3.88 MiB p/s ETA 0s40.28 MiB / 40.28 MiB [----------------------------------------------->] 100.00% 3.63 MiB p/s ETA 0s40.28 MiB / 40.28 MiB [----------------------------------------------->] 100.00% 3.63 MiB p/s ETA 0s40.28 MiB / 40.28 MiB [----------------------------------------------->] 100.00% 3.63 MiB p/s ETA 0s40.28 MiB / 40.28 MiB [----------------------------------------------->] 100.00% 3.39 MiB p/s ETA 0s40.28 MiB / 40.28 MiB [----------------------------------------------->] 100.00% 3.39 MiB p/s ETA 0s40.28 MiB / 40.28 MiB [----------------------------------------------->] 100.00% 3.39 MiB p/s ETA 0s40.28 MiB / 40.28 MiB [----------------------------------------------->] 100.00% 3.18 MiB p/s ETA 0s40.28 MiB / 40.28 MiB [----------------------------------------------->] 100.00% 3.18 MiB p/s ETA 0s40.28 MiB / 40.28 MiB [----------------------------------------------->] 100.00% 3.18 MiB p/s ETA 0s40.28 MiB / 40.28 MiB [----------------------------------------------->] 100.00% 2.97 MiB p/s ETA 0s40.28 MiB / 40.28 MiB [----------------------------------------------->] 100.00% 2.97 MiB p/s ETA 0s40.28 MiB / 40.28 MiB [----------------------------------------------->] 100.00% 2.97 MiB p/s ETA 0s40.28 MiB / 40.28 MiB [----------------------------------------------->] 100.00% 2.78 MiB p/s ETA 0s40.28 MiB / 40.28 MiB [----------------------------------------------->] 100.00% 2.78 MiB p/s ETA 0s40.28 MiB / 40.28 MiB [----------------------------------------------->] 100.00% 2.78 MiB p/s ETA 0s40.28 MiB / 40.28 MiB [----------------------------------------------->] 100.00% 2.60 MiB p/s ETA 0s40.28 MiB / 40.28 MiB [----------------------------------------------->] 100.00% 2.60 MiB p/s ETA 0s40.28 MiB / 40.28 MiB [----------------------------------------------->] 100.00% 2.60 MiB p/s ETA 0s40.28 MiB / 40.28 MiB [----------------------------------------------->] 100.00% 2.43 MiB p/s ETA 0s40.28 MiB / 40.28 MiB [----------------------------------------------->] 100.00% 2.43 MiB p/s ETA 0s40.28 MiB / 40.28 MiB [----------------------------------------------->] 100.00% 2.43 MiB p/s ETA 0s40.28 MiB / 40.28 MiB [----------------------------------------------->] 100.00% 2.27 MiB p/s ETA 0s40.28 MiB / 40.28 MiB [----------------------------------------------->] 100.00% 2.27 MiB p/s ETA 0s40.28 MiB / 40.28 MiB [----------------------------------------------->] 100.00% 2.27 MiB p/s ETA 0s40.28 MiB / 40.28 MiB [----------------------------------------------->] 100.00% 2.13 MiB p/s ETA 0s40.28 MiB / 40.28 MiB [----------------------------------------------->] 100.00% 2.13 MiB p/s ETA 0s40.28 MiB / 40.28 MiB [----------------------------------------------->] 100.00% 2.13 MiB p/s ETA 0s40.28 MiB / 40.28 MiB [----------------------------------------------->] 100.00% 1.99 MiB p/s ETA 0s40.28 MiB / 40.28 MiB [----------------------------------------------->] 100.00% 1.99 MiB p/s ETA 0s40.28 MiB / 40.28 MiB [----------------------------------------------->] 100.00% 1.99 MiB p/s ETA 0s40.28 MiB / 40.28 MiB [----------------------------------------------->] 100.00% 1.86 MiB p/s ETA 0s40.28 MiB / 40.28 MiB [----------------------------------------------->] 100.00% 1.86 MiB p/s ETA 0s40.28 MiB / 40.28 MiB [----------------------------------------------->] 100.00% 1.86 MiB p/s ETA 0s40.28 MiB / 40.28 MiB [----------------------------------------------->] 100.00% 1.74 MiB p/s ETA 0s40.28 MiB / 40.28 MiB [----------------------------------------------->] 100.00% 1.74 MiB p/s ETA 0s40.28 MiB / 40.28 MiB [----------------------------------------------->] 100.00% 1.74 MiB p/s ETA 0s40.28 MiB / 40.28 MiB [----------------------------------------------->] 100.00% 1.63 MiB p/s ETA 0s40.28 MiB / 40.28 MiB [----------------------------------------------->] 100.00% 1.63 MiB p/s ETA 0s40.28 MiB / 40.28 MiB [----------------------------------------------->] 100.00% 1.63 MiB p/s ETA 0s40.28 MiB / 40.28 MiB [----------------------------------------------->] 100.00% 1.52 MiB p/s ETA 0s40.28 MiB / 40.28 MiB [----------------------------------------------->] 100.00% 1.52 MiB p/s ETA 0s40.28 MiB / 40.28 MiB [----------------------------------------------->] 100.00% 1.52 MiB p/s ETA 0s40.28 MiB / 40.28 MiB [----------------------------------------------->] 100.00% 1.43 MiB p/s ETA 0s40.28 MiB / 40.28 MiB [----------------------------------------------->] 100.00% 1.43 MiB p/s ETA 0s40.28 MiB / 40.28 MiB [----------------------------------------------->] 100.00% 1.43 MiB p/s ETA 0s40.28 MiB / 40.28 MiB [----------------------------------------------->] 100.00% 1.33 MiB p/s ETA 0s40.28 MiB / 40.28 MiB [----------------------------------------------->] 100.00% 1.33 MiB p/s ETA 0s40.28 MiB / 40.28 MiB [----------------------------------------------->] 100.00% 1.33 MiB p/s ETA 0s40.28 MiB / 40.28 MiB [----------------------------------------------->] 100.00% 1.25 MiB p/s ETA 0s40.28 MiB / 40.28 MiB [----------------------------------------------->] 100.00% 1.25 MiB p/s ETA 0s40.28 MiB / 40.28 MiB [----------------------------------------------->] 100.00% 1.25 MiB p/s ETA 0s40.28 MiB / 40.28 MiB [----------------------------------------------->] 100.00% 1.17 MiB p/s ETA 0s40.28 MiB / 40.28 MiB [----------------------------------------------->] 100.00% 1.17 MiB p/s ETA 0s40.28 MiB / 40.28 MiB [----------------------------------------------->] 100.00% 1.17 MiB p/s ETA 0s40.28 MiB / 40.28 MiB [----------------------------------------------->] 100.00% 1.09 MiB p/s ETA 0s40.28 MiB / 40.28 MiB [----------------------------------------------->] 100.00% 1.09 MiB p/s ETA 0s40.28 MiB / 40.28 MiB [----------------------------------------------->] 100.00% 1.09 MiB p/s ETA 0s40.28 MiB / 40.28 MiB [----------------------------------------------->] 100.00% 1.02 MiB p/s ETA 0s40.28 MiB / 40.28 MiB [----------------------------------------------->] 100.00% 1.02 MiB p/s ETA 0s40.28 MiB / 40.28 MiB [----------------------------------------------->] 100.00% 1.02 MiB p/s ETA 0s40.28 MiB / 40.28 MiB [--------------------------------------------->] 100.00% 978.87 KiB p/s ETA 0s40.28 MiB / 40.28 MiB [--------------------------------------------->] 100.00% 978.87 KiB p/s ETA 0s40.28 MiB / 40.28 MiB [--------------------------------------------->] 100.00% 978.87 KiB p/s ETA 0s40.28 MiB / 40.28 MiB [--------------------------------------------->] 100.00% 915.71 KiB p/s ETA 0s40.28 MiB / 40.28 MiB [--------------------------------------------->] 100.00% 915.71 KiB p/s ETA 0s40.28 MiB / 40.28 MiB [--------------------------------------------->] 100.00% 915.71 KiB p/s ETA 0s40.28 MiB / 40.28 MiB [--------------------------------------------->] 100.00% 856.63 KiB p/s ETA 0s40.28 MiB / 40.28 MiB [--------------------------------------------->] 100.00% 856.63 KiB p/s ETA 0s40.28 MiB / 40.28 MiB [--------------------------------------------->] 100.00% 856.63 KiB p/s ETA 0s40.28 MiB / 40.28 MiB [--------------------------------------------->] 100.00% 801.37 KiB p/s ETA 0s40.28 MiB / 40.28 MiB [--------------------------------------------->] 100.00% 801.37 KiB p/s ETA 0s40.28 MiB / 40.28 MiB [--------------------------------------------->] 100.00% 801.37 KiB p/s ETA 0s40.28 MiB / 40.28 MiB [--------------------------------------------->] 100.00% 749.67 KiB p/s ETA 0s40.28 MiB / 40.28 MiB [--------------------------------------------->] 100.00% 749.67 KiB p/s ETA 0s40.28 MiB / 40.28 MiB [--------------------------------------------->] 100.00% 749.67 KiB p/s ETA 0s40.28 MiB / 40.28 MiB [--------------------------------------------->] 100.00% 701.30 KiB p/s ETA 0s40.28 MiB / 40.28 MiB [--------------------------------------------->] 100.00% 701.30 KiB p/s ETA 0s40.28 MiB / 40.28 MiB [--------------------------------------------->] 100.00% 701.30 KiB p/s ETA 0s40.28 MiB / 40.28 MiB [--------------------------------------------->] 100.00% 656.06 KiB p/s ETA 0s40.28 MiB / 40.28 MiB [--------------------------------------------->] 100.00% 656.06 KiB p/s ETA 0s40.28 MiB / 40.28 MiB [--------------------------------------------->] 100.00% 656.06 KiB p/s ETA 0s40.28 MiB / 40.28 MiB [--------------------------------------------->] 100.00% 613.73 KiB p/s ETA 0s40.28 MiB / 40.28 MiB [--------------------------------------------->] 100.00% 613.73 KiB p/s ETA 0s40.28 MiB / 40.28 MiB [--------------------------------------------->] 100.00% 613.73 KiB p/s ETA 0s40.28 MiB / 40.28 MiB [--------------------------------------------->] 100.00% 574.13 KiB p/s ETA 0s40.28 MiB / 40.28 MiB [--------------------------------------------->] 100.00% 574.13 KiB p/s ETA 0s40.28 MiB / 40.28 MiB [--------------------------------------------->] 100.00% 574.13 KiB p/s ETA 0s40.28 MiB / 40.28 MiB [--------------------------------------------->] 100.00% 537.09 KiB p/s ETA 0s40.28 MiB / 40.28 MiB [--------------------------------------------->] 100.00% 537.09 KiB p/s ETA 0s40.28 MiB / 40.28 MiB [--------------------------------------------->] 100.00% 537.09 KiB p/s ETA 0s40.28 MiB / 40.28 MiB [--------------------------------------------->] 100.00% 502.44 KiB p/s ETA 0s40.28 MiB / 40.28 MiB [--------------------------------------------->] 100.00% 502.44 KiB p/s ETA 0s40.28 MiB / 40.28 MiB [--------------------------------------------->] 100.00% 502.44 KiB p/s ETA 0s40.28 MiB / 40.28 MiB [--------------------------------------------->] 100.00% 470.03 KiB p/s ETA 0s40.28 MiB / 40.28 MiB [--------------------------------------------->] 100.00% 470.03 KiB p/s ETA 0s40.28 MiB / 40.28 MiB [--------------------------------------------->] 100.00% 470.03 KiB p/s ETA 0s40.28 MiB / 40.28 MiB [--------------------------------------------->] 100.00% 439.70 KiB p/s ETA 0s40.28 MiB / 40.28 MiB [--------------------------------------------->] 100.00% 439.70 KiB p/s ETA 0s40.28 MiB / 40.28 MiB [--------------------------------------------->] 100.00% 439.70 KiB p/s ETA 0s40.28 MiB / 40.28 MiB [--------------------------------------------->] 100.00% 411.33 KiB p/s ETA 0s40.28 MiB / 40.28 MiB [--------------------------------------------->] 100.00% 411.33 KiB p/s ETA 0s40.28 MiB / 40.28 MiB [--------------------------------------------->] 100.00% 411.33 KiB p/s ETA 0s40.28 MiB / 40.28 MiB [--------------------------------------------->] 100.00% 384.80 KiB p/s ETA 0s40.28 MiB / 40.28 MiB [--------------------------------------------->] 100.00% 384.80 KiB p/s ETA 0s40.28 MiB / 40.28 MiB [--------------------------------------------->] 100.00% 384.80 KiB p/s ETA 0s40.28 MiB / 40.28 MiB [--------------------------------------------->] 100.00% 359.97 KiB p/s ETA 0s40.28 MiB / 40.28 MiB [--------------------------------------------->] 100.00% 359.97 KiB p/s ETA 0s40.28 MiB / 40.28 MiB [--------------------------------------------->] 100.00% 359.97 KiB p/s ETA 0s40.28 MiB / 40.28 MiB [--------------------------------------------->] 100.00% 336.75 KiB p/s ETA 0s40.28 MiB / 40.28 MiB [--------------------------------------------->] 100.00% 336.75 KiB p/s ETA 0s40.28 MiB / 40.28 MiB [--------------------------------------------->] 100.00% 336.75 KiB p/s ETA 0s40.28 MiB / 40.28 MiB [--------------------------------------------->] 100.00% 315.02 KiB p/s ETA 0s40.28 MiB / 40.28 MiB [--------------------------------------------->] 100.00% 315.02 KiB p/s ETA 0s40.28 MiB / 40.28 MiB [--------------------------------------------->] 100.00% 315.02 KiB p/s ETA 0s40.28 MiB / 40.28 MiB [--------------------------------------------->] 100.00% 294.70 KiB p/s ETA 0s40.28 MiB / 40.28 MiB [--------------------------------------------->] 100.00% 294.70 KiB p/s ETA 0s40.28 MiB / 40.28 MiB [--------------------------------------------->] 100.00% 294.70 KiB p/s ETA 0s40.28 MiB / 40.28 MiB [--------------------------------------------->] 100.00% 275.68 KiB p/s ETA 0s40.28 MiB / 40.28 MiB [--------------------------------------------->] 100.00% 275.68 KiB p/s ETA 0s40.28 MiB / 40.28 MiB [--------------------------------------------->] 100.00% 275.68 KiB p/s ETA 0s40.28 MiB / 40.28 MiB [--------------------------------------------->] 100.00% 257.90 KiB p/s ETA 0s40.28 MiB / 40.28 MiB [--------------------------------------------->] 100.00% 257.90 KiB p/s ETA 0s40.28 MiB / 40.28 MiB [--------------------------------------------->] 100.00% 257.90 KiB p/s ETA 0s40.28 MiB / 40.28 MiB [--------------------------------------------->] 100.00% 241.26 KiB p/s ETA 0s40.28 MiB / 40.28 MiB [--------------------------------------------->] 100.00% 241.26 KiB p/s ETA 0s40.28 MiB / 40.28 MiB [--------------------------------------------->] 100.00% 241.26 KiB p/s ETA 0s40.28 MiB / 40.28 MiB [--------------------------------------------->] 100.00% 225.70 KiB p/s ETA 0s40.28 MiB / 40.28 MiB [--------------------------------------------->] 100.00% 225.70 KiB p/s ETA 0s40.28 MiB / 40.28 MiB [--------------------------------------------->] 100.00% 225.70 KiB p/s ETA 0s40.28 MiB / 40.28 MiB [--------------------------------------------->] 100.00% 211.13 KiB p/s ETA 0s40.28 MiB / 40.28 MiB [--------------------------------------------->] 100.00% 211.13 KiB p/s ETA 0s40.28 MiB / 40.28 MiB [--------------------------------------------->] 100.00% 211.13 KiB p/s ETA 0s40.28 MiB / 40.28 MiB [--------------------------------------------->] 100.00% 197.51 KiB p/s ETA 0s40.28 MiB / 40.28 MiB [--------------------------------------------->] 100.00% 197.51 KiB p/s ETA 0s40.28 MiB / 40.28 MiB [--------------------------------------------->] 100.00% 197.51 KiB p/s ETA 0s40.28 MiB / 40.28 MiB [--------------------------------------------->] 100.00% 184.77 KiB p/s ETA 0s40.28 MiB / 40.28 MiB [--------------------------------------------->] 100.00% 184.77 KiB p/s ETA 0s40.28 MiB / 40.28 MiB [--------------------------------------------->] 100.00% 184.77 KiB p/s ETA 0s40.28 MiB / 40.28 MiB [--------------------------------------------->] 100.00% 172.85 KiB p/s ETA 0s40.28 MiB / 40.28 MiB [--------------------------------------------->] 100.00% 172.85 KiB p/s ETA 0s40.28 MiB / 40.28 MiB [--------------------------------------------->] 100.00% 172.85 KiB p/s ETA 0s40.28 MiB / 40.28 MiB [--------------------------------------------->] 100.00% 161.70 KiB p/s ETA 0s40.28 MiB / 40.28 MiB [--------------------------------------------->] 100.00% 161.70 KiB p/s ETA 0s40.28 MiB / 40.28 MiB [--------------------------------------------->] 100.00% 161.70 KiB p/s ETA 0s40.28 MiB / 40.28 MiB [--------------------------------------------->] 100.00% 151.27 KiB p/s ETA 0s40.28 MiB / 40.28 MiB [--------------------------------------------->] 100.00% 151.27 KiB p/s ETA 0s40.28 MiB / 40.28 MiB [--------------------------------------------->] 100.00% 151.27 KiB p/s ETA 0s40.28 MiB / 40.28 MiB [--------------------------------------------->] 100.00% 141.51 KiB p/s ETA 0s40.28 MiB / 40.28 MiB [--------------------------------------------->] 100.00% 141.51 KiB p/s ETA 0s40.28 MiB / 40.28 MiB [--------------------------------------------->] 100.00% 141.51 KiB p/s ETA 0s40.28 MiB / 40.28 MiB [--------------------------------------------->] 100.00% 132.38 KiB p/s ETA 0s40.28 MiB / 40.28 MiB [--------------------------------------------->] 100.00% 132.38 KiB p/s ETA 0s40.28 MiB / 40.28 MiB [--------------------------------------------->] 100.00% 132.38 KiB p/s ETA 0s40.28 MiB / 40.28 MiB [--------------------------------------------->] 100.00% 123.84 KiB p/s ETA 0s40.28 MiB / 40.28 MiB [--------------------------------------------->] 100.00% 123.84 KiB p/s ETA 0s40.28 MiB / 40.28 MiB [--------------------------------------------->] 100.00% 123.84 KiB p/s ETA 0s40.28 MiB / 40.28 MiB [--------------------------------------------->] 100.00% 115.85 KiB p/s ETA 0s40.28 MiB / 40.28 MiB [--------------------------------------------->] 100.00% 115.85 KiB p/s ETA 0s40.28 MiB / 40.28 MiB [--------------------------------------------->] 100.00% 115.85 KiB p/s ETA 0s40.28 MiB / 40.28 MiB [--------------------------------------------->] 100.00% 108.37 KiB p/s ETA 0s40.28 MiB / 40.28 MiB [--------------------------------------------->] 100.00% 108.37 KiB p/s ETA 0s40.28 MiB / 40.28 MiB [--------------------------------------------->] 100.00% 108.37 KiB p/s ETA 0s40.28 MiB / 40.28 MiB [--------------------------------------------->] 100.00% 101.38 KiB p/s ETA 0s40.28 MiB / 40.28 MiB [--------------------------------------------->] 100.00% 101.38 KiB p/s ETA 0s40.28 MiB / 40.28 MiB [--------------------------------------------->] 100.00% 101.38 KiB p/s ETA 0s40.28 MiB / 40.28 MiB [---------------------------------------------->] 100.00% 94.84 KiB p/s ETA 0s40.28 MiB / 40.28 MiB [---------------------------------------------->] 100.00% 94.84 KiB p/s ETA 0s40.28 MiB / 40.28 MiB [---------------------------------------------->] 100.00% 94.84 KiB p/s ETA 0s40.28 MiB / 40.28 MiB [---------------------------------------------->] 100.00% 88.72 KiB p/s ETA 0s40.28 MiB / 40.28 MiB [---------------------------------------------->] 100.00% 88.72 KiB p/s ETA 0s40.28 MiB / 40.28 MiB [---------------------------------------------->] 100.00% 88.72 KiB p/s ETA 0s40.28 MiB / 40.28 MiB [---------------------------------------------->] 100.00% 83.00 KiB p/s ETA 0s40.28 MiB / 40.28 MiB [---------------------------------------------->] 100.00% 83.00 KiB p/s ETA 0s40.28 MiB / 40.28 MiB [---------------------------------------------->] 100.00% 83.00 KiB p/s ETA 0s40.28 MiB / 40.28 MiB [---------------------------------------------->] 100.00% 77.64 KiB p/s ETA 0s40.28 MiB / 40.28 MiB [---------------------------------------------->] 100.00% 77.64 KiB p/s ETA 0s40.28 MiB / 40.28 MiB [---------------------------------------------->] 100.00% 77.64 KiB p/s ETA 0s40.28 MiB / 40.28 MiB [---------------------------------------------->] 100.00% 72.63 KiB p/s ETA 0s40.28 MiB / 40.28 MiB [---------------------------------------------->] 100.00% 72.63 KiB p/s ETA 0s40.28 MiB / 40.28 MiB [---------------------------------------------->] 100.00% 72.63 KiB p/s ETA 0s40.28 MiB / 40.28 MiB [---------------------------------------------->] 100.00% 67.95 KiB p/s ETA 0s40.28 MiB / 40.28 MiB [---------------------------------------------->] 100.00% 67.95 KiB p/s ETA 0s40.28 MiB / 40.28 MiB [---------------------------------------------->] 100.00% 67.95 KiB p/s ETA 0s40.28 MiB / 40.28 MiB [---------------------------------------------->] 100.00% 63.56 KiB p/s ETA 0s40.28 MiB / 40.28 MiB [---------------------------------------------->] 100.00% 63.56 KiB p/s ETA 0s40.28 MiB / 40.28 MiB [---------------------------------------------->] 100.00% 63.56 KiB p/s ETA 0s40.28 MiB / 40.28 MiB [---------------------------------------------->] 100.00% 59.46 KiB p/s ETA 0s40.28 MiB / 40.28 MiB [---------------------------------------------->] 100.00% 59.46 KiB p/s ETA 0s40.28 MiB / 40.28 MiB [---------------------------------------------->] 100.00% 59.46 KiB p/s ETA 0s40.28 MiB / 40.28 MiB [---------------------------------------------->] 100.00% 55.63 KiB p/s ETA 0s40.28 MiB / 40.28 MiB [---------------------------------------------->] 100.00% 55.63 KiB p/s ETA 0s40.28 MiB / 40.28 MiB [---------------------------------------------->] 100.00% 55.63 KiB p/s ETA 0s40.28 MiB / 40.28 MiB [---------------------------------------------->] 100.00% 52.04 KiB p/s ETA 0s40.28 MiB / 40.28 MiB [---------------------------------------------->] 100.00% 52.04 KiB p/s ETA 0s40.28 MiB / 40.28 MiB [---------------------------------------------->] 100.00% 52.04 KiB p/s ETA 0s40.28 MiB / 40.28 MiB [---------------------------------------------->] 100.00% 48.68 KiB p/s ETA 0s40.28 MiB / 40.28 MiB [---------------------------------------------->] 100.00% 48.68 KiB p/s ETA 0s40.28 MiB / 40.28 MiB [---------------------------------------------->] 100.00% 48.68 KiB p/s ETA 0s40.28 MiB / 40.28 MiB [---------------------------------------------->] 100.00% 45.54 KiB p/s ETA 0s40.28 MiB / 40.28 MiB [---------------------------------------------->] 100.00% 45.54 KiB p/s ETA 0s40.28 MiB / 40.28 MiB [---------------------------------------------->] 100.00% 45.54 KiB p/s ETA 0s40.28 MiB / 40.28 MiB [---------------------------------------------->] 100.00% 42.60 KiB p/s ETA 0s40.28 MiB / 40.28 MiB [---------------------------------------------->] 100.00% 42.60 KiB p/s ETA 0s40.28 MiB / 40.28 MiB [---------------------------------------------->] 100.00% 42.60 KiB p/s ETA 0s40.28 MiB / 40.28 MiB [---------------------------------------------->] 100.00% 39.85 KiB p/s ETA 0s40.28 MiB / 40.28 MiB [---------------------------------------------->] 100.00% 39.85 KiB p/s ETA 0s40.28 MiB / 40.28 MiB [---------------------------------------------->] 100.00% 39.85 KiB p/s ETA 0s40.28 MiB / 40.28 MiB [---------------------------------------------->] 100.00% 37.28 KiB p/s ETA 0s40.28 MiB / 40.28 MiB [---------------------------------------------->] 100.00% 37.28 KiB p/s ETA 0s40.28 MiB / 40.28 MiB [---------------------------------------------->] 100.00% 37.28 KiB p/s ETA 0s40.28 MiB / 40.28 MiB [---------------------------------------------->] 100.00% 34.88 KiB p/s ETA 0s40.28 MiB / 40.28 MiB [---------------------------------------------->] 100.00% 34.88 KiB p/s ETA 0s40.28 MiB / 40.28 MiB [---------------------------------------------->] 100.00% 34.88 KiB p/s ETA 0s40.28 MiB / 40.28 MiB [---------------------------------------------->] 100.00% 32.63 KiB p/s ETA 0s40.28 MiB / 40.28 MiB [---------------------------------------------->] 100.00% 32.63 KiB p/s ETA 0s40.28 MiB / 40.28 MiB [---------------------------------------------->] 100.00% 32.63 KiB p/s ETA 0s40.28 MiB / 40.28 MiB [---------------------------------------------->] 100.00% 30.52 KiB p/s ETA 0s40.28 MiB / 40.28 MiB [---------------------------------------------->] 100.00% 30.52 KiB p/s ETA 0s40.28 MiB / 40.28 MiB [---------------------------------------------->] 100.00% 30.52 KiB p/s ETA 0s40.28 MiB / 40.28 MiB [---------------------------------------------->] 100.00% 28.55 KiB p/s ETA 0s40.28 MiB / 40.28 MiB [---------------------------------------------->] 100.00% 28.55 KiB p/s ETA 0s40.28 MiB / 40.28 MiB [---------------------------------------------->] 100.00% 28.55 KiB p/s ETA 0s40.28 MiB / 40.28 MiB [---------------------------------------------->] 100.00% 26.71 KiB p/s ETA 0s40.28 MiB / 40.28 MiB [---------------------------------------------->] 100.00% 26.71 KiB p/s ETA 0s40.28 MiB / 40.28 MiB [---------------------------------------------->] 100.00% 26.71 KiB p/s ETA 0s40.28 MiB / 40.28 MiB [-------------------------------------------------] 100.00% 755.66 KiB p/s 55s2023-10-10T10:16:09.302Z	INFO	Vulnerability scanning is enabled
2023-10-10T10:16:09.306Z	INFO	Misconfiguration scanning is enabled
2023-10-10T10:16:09.312Z	INFO	Need to update the built-in policies
2023-10-10T10:16:09.317Z	INFO	Downloading the built-in policies...
44.66 KiB / 44.66 KiB [----------------------------------------------------------->] 100.00% ? p/s ?44.66 KiB / 44.66 KiB [-----------------------------------------------] 100.00% 238.75 KiB p/s 400ms2023-10-10T10:18:35.190Z	INFO	Number of language-specific files: 1
2023-10-10T10:18:35.190Z	INFO	Detecting pom vulnerabilities...
2023-10-10T10:18:35.345Z	INFO	Detected config files: 6

pom.xml (pom)
=============
Total: 2 (UNKNOWN: 0, LOW: 1, MEDIUM: 1, HIGH: 0, CRITICAL: 0)

┌──────────────────────────────┬─────────────────────┬──────────┬────────┬───────────────────┬──────────────────────────────────┬───────────────────────────────────────────────────┐
│           Library            │    Vulnerability    │ Severity │ Status │ Installed Version │          Fixed Version           │                       Title                       │
├──────────────────────────────┼─────────────────────┼──────────┼────────┼───────────────────┼──────────────────────────────────┼───────────────────────────────────────────────────┤
│ org.eclipse.jetty:jetty-http │ CVE-2023-40167      │ MEDIUM   │ fixed  │ 10.0.15           │ 9.4.52, 10.0.16, 11.0.16, 12.0.1 │ Improper validation of HTTP/1 content-length      │
│                              │                     │          │        │                   │                                  │ https://avd.aquasec.com/nvd/cve-2023-40167        │
├──────────────────────────────┼─────────────────────┼──────────┤        │                   ├──────────────────────────────────┼───────────────────────────────────────────────────┤
│ org.eclipse.jetty:jetty-xml  │ GHSA-58qw-p7qm-5rvh │ LOW      │        │                   │ 10.0.16, 11.0.16, 9.4.52, 12.0.0 │ Eclipse Jetty XmlParser allows arbitrary DOCTYPE  │
│                              │                     │          │        │                   │                                  │ declarations                                      │
│                              │                     │          │        │                   │                                  │ https://github.com/advisories/GHSA-58qw-p7qm-5rvh │
└──────────────────────────────┴─────────────────────┴──────────┴────────┴───────────────────┴──────────────────────────────────┴───────────────────────────────────────────────────┘

contrib/docker/Dockerfile (dockerfile)
======================================
Tests: 26 (SUCCESSES: 24, FAILURES: 2, EXCEPTIONS: 0)
Failures: 2 (UNKNOWN: 0, LOW: 1, MEDIUM: 0, HIGH: 1, CRITICAL: 0)

HIGH: Specify at least 1 USER command in Dockerfile with non-root user as argument
════════════════════════════════════════
Running containers with 'root' user can lead to a container escape situation. It is a best practice to run containers as non-root users, which can be done by adding a 'USER' statement to the Dockerfile.

See https://avd.aquasec.com/misconfig/ds002
────────────────────────────────────────


LOW: Add HEALTHCHECK instruction in your Dockerfile
════════════════════════════════════════
You should add HEALTHCHECK instruction in your docker container images to perform the health check on running containers.

See https://avd.aquasec.com/misconfig/ds026
────────────────────────────────────────



contrib/docker/Dockerfile.alpine (dockerfile)
=============================================
Tests: 26 (SUCCESSES: 24, FAILURES: 2, EXCEPTIONS: 0)
Failures: 2 (UNKNOWN: 0, LOW: 1, MEDIUM: 0, HIGH: 1, CRITICAL: 0)

HIGH: Specify at least 1 USER command in Dockerfile with non-root user as argument
════════════════════════════════════════
Running containers with 'root' user can lead to a container escape situation. It is a best practice to run containers as non-root users, which can be done by adding a 'USER' statement to the Dockerfile.

See https://avd.aquasec.com/misconfig/ds002
────────────────────────────────────────


LOW: Add HEALTHCHECK instruction in your Dockerfile
════════════════════════════════════════
You should add HEALTHCHECK instruction in your docker container images to perform the health check on running containers.

See https://avd.aquasec.com/misconfig/ds026
────────────────────────────────────────



contrib/docker/Dockerfile.dev (dockerfile)
==========================================
Tests: 26 (SUCCESSES: 24, FAILURES: 2, EXCEPTIONS: 0)
Failures: 2 (UNKNOWN: 0, LOW: 1, MEDIUM: 0, HIGH: 1, CRITICAL: 0)

HIGH: 'yum clean all' is missed: yum install -y which &&     rpm --import https://yum.corretto.aws/corretto.key &&     curl -L -o /etc/yum.repos.d/corretto.repo https://yum.corretto.aws/corretto.repo  &&     yum install -y java-${java_version}-amazon-corretto-devel &&     curl -L -o /tmp/maven.tar.gz https://dlcdn.apache.org/maven/maven-3/${maven_version}/binaries/apache-maven-${maven_version}-bin.tar.gz &&     tar xvf /tmp/maven.tar.gz -C /opt &&     rm /tmp/maven.tar.gz &&     ln -s /opt/apache-maven-${maven_version} ${MAVEN_HOME} &&     ln -s /opt/maven/bin/mvn /usr/bin/mvn &&     groupadd -g ${gid} ${group} &&     useradd -u ${uid} -g ${group} -s /bin/sh -m ${user}
════════════════════════════════════════
You should use 'yum clean all' after using a 'yum install' command to clean package cached data and reduce image size.

See https://avd.aquasec.com/misconfig/ds015
────────────────────────────────────────
 contrib/docker/Dockerfile.dev:15-25
────────────────────────────────────────
  15 ┌ RUN yum install -y which && \
  16 │     rpm --import https://yum.corretto.aws/corretto.key && \
  17 │     curl -L -o /etc/yum.repos.d/corretto.repo https://yum.corretto.aws/corretto.repo  && \
  18 │     yum install -y java-${java_version}-amazon-corretto-devel && \
  19 │     curl -L -o /tmp/maven.tar.gz https://dlcdn.apache.org/maven/maven-3/${maven_version}/binaries/apache-maven-${maven_version}-bin.tar.gz && \
  20 │     tar xvf /tmp/maven.tar.gz -C /opt && \
  21 │     rm /tmp/maven.tar.gz && \
  22 │     ln -s /opt/apache-maven-${maven_version} ${MAVEN_HOME} && \
  23 └     ln -s /opt/maven/bin/mvn /usr/bin/mvn && \
  ..   
────────────────────────────────────────


LOW: Add HEALTHCHECK instruction in your Dockerfile
════════════════════════════════════════
You should add HEALTHCHECK instruction in your docker container images to perform the health check on running containers.

See https://avd.aquasec.com/misconfig/ds026
────────────────────────────────────────



contrib/helm/emissary/templates/deployment.yaml (helm)
======================================================
Tests: 152 (SUCCESSES: 137, FAILURES: 15, EXCEPTIONS: 0)
Failures: 15 (UNKNOWN: 0, LOW: 11, MEDIUM: 4, HIGH: 0, CRITICAL: 0)

MEDIUM: Container 'emissary' of Deployment 'emissary' should set 'securityContext.allowPrivilegeEscalation' to false
════════════════════════════════════════
A program inside the container can elevate its own privileges and run as root, which might give the program control over the container and node.

See https://avd.aquasec.com/misconfig/ksv001
────────────────────────────────────────
 contrib/helm/emissary/templates/deployment.yaml:28-53
────────────────────────────────────────
  28 ┌         - name: emissary
  29 │           securityContext:
  30 │             {}
  31 │           image: "emissary:latest"
  32 │           imagePullPolicy: IfNotPresent
  33 │           command: ["./emissary"]
  34 │           args: ["server", "-a", "5", "-p", "8001"]
  35 │           ports:
  36 └             - name: http
  ..   
────────────────────────────────────────


LOW: Container 'emissary' of Deployment 'emissary' should add 'ALL' to 'securityContext.capabilities.drop'
════════════════════════════════════════
The container should drop all default capabilities and add only those that are needed for its execution.

See https://avd.aquasec.com/misconfig/ksv003
────────────────────────────────────────
 contrib/helm/emissary/templates/deployment.yaml:28-53
────────────────────────────────────────
  28 ┌         - name: emissary
  29 │           securityContext:
  30 │             {}
  31 │           image: "emissary:latest"
  32 │           imagePullPolicy: IfNotPresent
  33 │           command: ["./emissary"]
  34 │           args: ["server", "-a", "5", "-p", "8001"]
  35 │           ports:
  36 └             - name: http
  ..   
────────────────────────────────────────


LOW: Container 'emissary' of Deployment 'emissary' should set 'resources.limits.cpu'
════════════════════════════════════════
Enforcing CPU limits prevents DoS via resource exhaustion.

See https://avd.aquasec.com/misconfig/ksv011
────────────────────────────────────────
 contrib/helm/emissary/templates/deployment.yaml:28-53
────────────────────────────────────────
  28 ┌         - name: emissary
  29 │           securityContext:
  30 │             {}
  31 │           image: "emissary:latest"
  32 │           imagePullPolicy: IfNotPresent
  33 │           command: ["./emissary"]
  34 │           args: ["server", "-a", "5", "-p", "8001"]
  35 │           ports:
  36 └             - name: http
  ..   
────────────────────────────────────────


MEDIUM: Container 'emissary' of Deployment 'emissary' should set 'securityContext.runAsNonRoot' to true
════════════════════════════════════════
Force the running image to run as a non-root user to ensure least privileges.

See https://avd.aquasec.com/misconfig/ksv012
────────────────────────────────────────
 contrib/helm/emissary/templates/deployment.yaml:28-53
────────────────────────────────────────
  28 ┌         - name: emissary
  29 │           securityContext:
  30 │             {}
  31 │           image: "emissary:latest"
  32 │           imagePullPolicy: IfNotPresent
  33 │           command: ["./emissary"]
  34 │           args: ["server", "-a", "5", "-p", "8001"]
  35 │           ports:
  36 └             - name: http
  ..   
────────────────────────────────────────


MEDIUM: Container 'emissary' of Deployment 'emissary' should specify an image tag
════════════════════════════════════════
It is best to avoid using the ':latest' image tag when deploying containers in production. Doing so makes it hard to track which version of the image is running, and hard to roll back the version.

See https://avd.aquasec.com/misconfig/ksv013
────────────────────────────────────────
 contrib/helm/emissary/templates/deployment.yaml:28-53
────────────────────────────────────────
  28 ┌         - name: emissary
  29 │           securityContext:
  30 │             {}
  31 │           image: "emissary:latest"
  32 │           imagePullPolicy: IfNotPresent
  33 │           command: ["./emissary"]
  34 │           args: ["server", "-a", "5", "-p", "8001"]
  35 │           ports:
  36 └             - name: http
  ..   
────────────────────────────────────────


LOW: Container 'emissary' of Deployment 'emissary' should set 'securityContext.readOnlyRootFilesystem' to true
════════════════════════════════════════
An immutable root file system prevents applications from writing to their local disk. This can limit intrusions, as attackers will not be able to tamper with the file system or write foreign executables to disk.

See https://avd.aquasec.com/misconfig/ksv014
────────────────────────────────────────
 contrib/helm/emissary/templates/deployment.yaml:28-53
────────────────────────────────────────
  28 ┌         - name: emissary
  29 │           securityContext:
  30 │             {}
  31 │           image: "emissary:latest"
  32 │           imagePullPolicy: IfNotPresent
  33 │           command: ["./emissary"]
  34 │           args: ["server", "-a", "5", "-p", "8001"]
  35 │           ports:
  36 └             - name: http
  ..   
────────────────────────────────────────


LOW: Container 'emissary' of Deployment 'emissary' should set 'resources.requests.cpu'
════════════════════════════════════════
When containers have resource requests specified, the scheduler can make better decisions about which nodes to place pods on, and how to deal with resource contention.

See https://avd.aquasec.com/misconfig/ksv015
────────────────────────────────────────
 contrib/helm/emissary/templates/deployment.yaml:28-53
────────────────────────────────────────
  28 ┌         - name: emissary
  29 │           securityContext:
  30 │             {}
  31 │           image: "emissary:latest"
  32 │           imagePullPolicy: IfNotPresent
  33 │           command: ["./emissary"]
  34 │           args: ["server", "-a", "5", "-p", "8001"]
  35 │           ports:
  36 └             - name: http
  ..   
────────────────────────────────────────


LOW: Container 'emissary' of Deployment 'emissary' should set 'resources.requests.memory'
════════════════════════════════════════
When containers have memory requests specified, the scheduler can make better decisions about which nodes to place pods on, and how to deal with resource contention.

See https://avd.aquasec.com/misconfig/ksv016
────────────────────────────────────────
 contrib/helm/emissary/templates/deployment.yaml:28-53
────────────────────────────────────────
  28 ┌         - name: emissary
  29 │           securityContext:
  30 │             {}
  31 │           image: "emissary:latest"
  32 │           imagePullPolicy: IfNotPresent
  33 │           command: ["./emissary"]
  34 │           args: ["server", "-a", "5", "-p", "8001"]
  35 │           ports:
  36 └             - name: http
  ..   
────────────────────────────────────────


LOW: Container 'emissary' of Deployment 'emissary' should set 'resources.limits.memory'
════════════════════════════════════════
Enforcing memory limits prevents DoS via resource exhaustion.

See https://avd.aquasec.com/misconfig/ksv018
────────────────────────────────────────
 contrib/helm/emissary/templates/deployment.yaml:28-53
────────────────────────────────────────
  28 ┌         - name: emissary
  29 │           securityContext:
  30 │             {}
  31 │           image: "emissary:latest"
  32 │           imagePullPolicy: IfNotPresent
  33 │           command: ["./emissary"]
  34 │           args: ["server", "-a", "5", "-p", "8001"]
  35 │           ports:
  36 └             - name: http
  ..   
────────────────────────────────────────


LOW: Container 'emissary' of Deployment 'emissary' should set 'securityContext.runAsUser' > 10000
════════════════════════════════════════
Force the container to run with user ID > 10000 to avoid conflicts with the host’s user table.

See https://avd.aquasec.com/misconfig/ksv020
────────────────────────────────────────
 contrib/helm/emissary/templates/deployment.yaml:28-53
────────────────────────────────────────
  28 ┌         - name: emissary
  29 │           securityContext:
  30 │             {}
  31 │           image: "emissary:latest"
  32 │           imagePullPolicy: IfNotPresent
  33 │           command: ["./emissary"]
  34 │           args: ["server", "-a", "5", "-p", "8001"]
  35 │           ports:
  36 └             - name: http
  ..   
────────────────────────────────────────


LOW: Container 'emissary' of Deployment 'emissary' should set 'securityContext.runAsGroup' > 10000
════════════════════════════════════════
Force the container to run with group ID > 10000 to avoid conflicts with the host’s user table.

See https://avd.aquasec.com/misconfig/ksv021
────────────────────────────────────────
 contrib/helm/emissary/templates/deployment.yaml:28-53
────────────────────────────────────────
  28 ┌         - name: emissary
  29 │           securityContext:
  30 │             {}
  31 │           image: "emissary:latest"
  32 │           imagePullPolicy: IfNotPresent
  33 │           command: ["./emissary"]
  34 │           args: ["server", "-a", "5", "-p", "8001"]
  35 │           ports:
  36 └             - name: http
  ..   
────────────────────────────────────────


LOW: Either Pod or Container should set 'securityContext.seccompProfile.type' to 'RuntimeDefault'
════════════════════════════════════════
According to pod security standard 'Seccomp', the RuntimeDefault seccomp profile must be required, or allow specific additional profiles.

See https://avd.aquasec.com/misconfig/ksv030
────────────────────────────────────────
 contrib/helm/emissary/templates/deployment.yaml:28-53
────────────────────────────────────────
  28 ┌         - name: emissary
  29 │           securityContext:
  30 │             {}
  31 │           image: "emissary:latest"
  32 │           imagePullPolicy: IfNotPresent
  33 │           command: ["./emissary"]
  34 │           args: ["server", "-a", "5", "-p", "8001"]
  35 │           ports:
  36 └             - name: http
  ..   
────────────────────────────────────────


MEDIUM: container emissary of deployment emissary in default namespace should specify a seccomp profile
════════════════════════════════════════
A program inside the container can bypass Seccomp protection policies.

See https://avd.aquasec.com/misconfig/ksv104
────────────────────────────────────────


LOW: container should drop all
════════════════════════════════════════
Containers must drop ALL capabilities, and are only permitted to add back the NET_BIND_SERVICE capability.

See https://avd.aquasec.com/misconfig/ksv106
────────────────────────────────────────
 contrib/helm/emissary/templates/deployment.yaml:28-53
────────────────────────────────────────
  28 ┌         - name: emissary
  29 │           securityContext:
  30 │             {}
  31 │           image: "emissary:latest"
  32 │           imagePullPolicy: IfNotPresent
  33 │           command: ["./emissary"]
  34 │           args: ["server", "-a", "5", "-p", "8001"]
  35 │           ports:
  36 └             - name: http
  ..   
────────────────────────────────────────


LOW: deployment emissary in default namespace should set spec.securityContext.runAsGroup, spec.securityContext.supplementalGroups[*] and spec.securityContext.fsGroup to integer greater than 0
════════════════════════════════════════
According to pod security standard 'Non-root groups', containers should be forbidden from running with a root primary or supplementary GID.

See https://avd.aquasec.com/misconfig/ksv116
────────────────────────────────────────



contrib/helm/emissary/templates/service.yaml (helm)
===================================================
Tests: 152 (SUCCESSES: 151, FAILURES: 1, EXCEPTIONS: 0)
Failures: 1 (UNKNOWN: 0, LOW: 1, MEDIUM: 0, HIGH: 0, CRITICAL: 0)

LOW: service emissary in default namespace should set spec.securityContext.runAsGroup, spec.securityContext.supplementalGroups[*] and spec.securityContext.fsGroup to integer greater than 0
════════════════════════════════════════
According to pod security standard 'Non-root groups', containers should be forbidden from running with a root primary or supplementary GID.

See https://avd.aquasec.com/misconfig/ksv116
────────────────────────────────────────



contrib/helm/emissary/templates/serviceaccount.yaml (helm)
==========================================================
Tests: 152 (SUCCESSES: 151, FAILURES: 1, EXCEPTIONS: 0)
Failures: 1 (UNKNOWN: 0, LOW: 1, MEDIUM: 0, HIGH: 0, CRITICAL: 0)

LOW: serviceaccount emissary in default namespace should set spec.securityContext.runAsGroup, spec.securityContext.supplementalGroups[*] and spec.securityContext.fsGroup to integer greater than 0
════════════════════════════════════════
According to pod security standard 'Non-root groups', containers should be forbidden from running with a root primary or supplementary GID.

See https://avd.aquasec.com/misconfig/ksv116
────────────────────────────────────────



