Results of jscpd linter (version 3.5.10)
See documentation on https://megalinter.io/7.4.0/descriptors/copypaste_jscpd/
-----------------------------------------------

❌ [ERROR] for workspace /tmp/lint
Linter raw log:
Clone found (java):
 - src/test/java/emissary/test/core/junit5/TestExtractionTest.java [48:41 - 59:13] (11 lines, 125 tokens)
   src/test/java/emissary/test/core/junit5/TestExtractionTest.java [31:34 - 41:5]

Clone found (java):
 - src/test/java/emissary/test/core/junit5/TestExtractionTest.java [63:36 - 72:7] (9 lines, 100 tokens)
   src/test/java/emissary/test/core/junit5/TestExtractionTest.java [31:34 - 40:8]

Clone found (java):
 - src/test/java/emissary/test/core/junit5/ExtractionTest.java [18:8 - 29:4] (11 lines, 112 tokens)
   src/test/java/emissary/test/core/junit5/IdentificationTest.java [9:8 - 20:5]

Clone found (java):
 - src/test/java/emissary/test/core/junit5/ExtractionTest.java [54:2 - 75:15] (21 lines, 137 tokens)
   src/test/java/emissary/test/core/junit5/IdentificationTest.java [29:2 - 50:19]

Clone found (java):
 - src/test/java/emissary/server/mvc/internal/WorkSpaceClientSpaceTakeActionTest.java [76:17 - 84:8] (8 lines, 93 tokens)
   src/test/java/emissary/server/mvc/internal/WorkSpaceClientSpaceTakeActionTest.java [59:9 - 67:11]

Clone found (java):
 - src/test/java/emissary/server/mvc/internal/WorkSpaceClientSpaceTakeActionTest.java [92:49 - 100:13] (8 lines, 89 tokens)
   src/test/java/emissary/server/mvc/internal/WorkSpaceClientSpaceTakeActionTest.java [59:9 - 67:11]

Clone found (java):
 - src/test/java/emissary/server/mvc/internal/WorkBundleCompletedActionTest.java [3:10 - 19:9] (16 lines, 165 tokens)
   src/test/java/emissary/server/mvc/internal/WorkSpaceClientSpaceTakeActionTest.java [4:11 - 20:9]

Clone found (java):
 - src/test/java/emissary/server/mvc/internal/WorkBundleCompletedActionTest.java [66:29 - 75:6] (9 lines, 87 tokens)
   src/test/java/emissary/server/mvc/internal/WorkSpaceClientSpaceTakeActionTest.java [62:25 - 71:19]

Clone found (java):
 - src/test/java/emissary/server/mvc/internal/WorkBundleCompletedActionTest.java [78:29 - 91:20] (13 lines, 115 tokens)
   src/test/java/emissary/server/mvc/internal/WorkBundleCompletedActionTest.java [63:9 - 76:16]

Clone found (java):
 - src/test/java/emissary/server/mvc/internal/WorkBundleCompletedActionTest.java [93:15 - 101:13] (8 lines, 91 tokens)
   src/test/java/emissary/server/mvc/internal/WorkBundleCompletedActionTest.java [63:9 - 71:11]

Clone found (java):
 - src/test/java/emissary/server/mvc/internal/WorkBundleCompletedActionTest.java [96:29 - 102:130] (6 lines, 72 tokens)
   src/test/java/emissary/server/mvc/internal/WorkSpaceClientSpaceTakeActionTest.java [95:25 - 100:57]

Clone found (java):
 - src/test/java/emissary/server/mvc/internal/WorkBundleCompletedActionTest.java [110:12 - 123:24] (13 lines, 115 tokens)
   src/test/java/emissary/server/mvc/internal/WorkBundleCompletedActionTest.java [63:9 - 76:16]

Clone found (java):
 - src/test/java/emissary/server/mvc/internal/WorkBundleCompletedActionTest.java [124:9 - 130:3] (6 lines, 91 tokens)
   src/test/java/emissary/server/mvc/internal/WorkBundleCompletedActionTest.java [65:9 - 67:14]

Clone found (java):
 - src/test/java/emissary/server/mvc/internal/RegisterPeerActionTest.java [6:13 - 16:3] (10 lines, 101 tokens)
   src/test/java/emissary/server/mvc/internal/WorkSpaceClientSpaceTakeActionTest.java [5:10 - 15:5]

Clone found (java):
 - src/test/java/emissary/server/mvc/internal/RegisterPeerActionTest.java [16:12 - 22:17] (6 lines, 63 tokens)
   src/test/java/emissary/server/mvc/internal/WorkBundleCompletedActionTest.java [12:12 - 19:17]

Clone found (java):
 - src/test/java/emissary/server/mvc/internal/RegisterPeerActionTest.java [73:21 - 78:15] (5 lines, 74 tokens)
   src/test/java/emissary/server/mvc/internal/WorkSpaceClientSpaceTakeActionTest.java [62:25 - 67:14]

Clone found (java):
 - src/test/java/emissary/server/mvc/internal/RegisterPeerActionTest.java [87:17 - 95:33] (8 lines, 95 tokens)
   src/test/java/emissary/server/mvc/internal/RegisterPeerActionTest.java [70:9 - 67:14]

Clone found (java):
 - src/test/java/emissary/server/mvc/internal/RegisterPeerActionTest.java [102:21 - 107:15] (5 lines, 70 tokens)
   src/test/java/emissary/server/mvc/internal/WorkBundleCompletedActionTest.java [144:29 - 149:24]

Clone found (java):
 - src/test/java/emissary/server/mvc/internal/RegisterPeerActionTest.java [130:8 - 138:13] (8 lines, 88 tokens)
   src/test/java/emissary/server/mvc/internal/RegisterPeerActionTest.java [70:2 - 78:11]

Clone found (java):
 - src/test/java/emissary/server/mvc/internal/RegisterPeerActionTest.java [133:21 - 138:47] (5 lines, 70 tokens)
   src/test/java/emissary/server/mvc/internal/WorkSpaceClientSpaceTakeActionTest.java [95:25 - 100:57]

Clone found (java):
 - src/test/java/emissary/server/mvc/internal/HeartbeatActionTest.java [8:17 - 22:4] (14 lines, 139 tokens)
   src/test/java/emissary/server/mvc/internal/WorkSpaceClientSpaceTakeActionTest.java [6:17 - 20:9]

Clone found (java):
 - src/test/java/emissary/server/mvc/internal/HeartbeatActionTest.java [20:9 - 27:20] (7 lines, 66 tokens)
   src/test/java/emissary/server/mvc/internal/RegisterPeerActionTest.java [23:17 - 29:23]

Clone found (java):
 - src/test/java/emissary/server/mvc/internal/HeartbeatActionTest.java [65:17 - 70:19] (5 lines, 74 tokens)
   src/test/java/emissary/server/mvc/internal/WorkSpaceClientSpaceTakeActionTest.java [62:25 - 67:14]

Clone found (java):
 - src/test/java/emissary/server/mvc/internal/HeartbeatActionTest.java [77:17 - 82:3] (5 lines, 70 tokens)
   src/test/java/emissary/server/mvc/internal/WorkBundleCompletedActionTest.java [144:29 - 149:24]

Clone found (java):
 - src/test/java/emissary/server/mvc/internal/HeartbeatActionTest.java [93:9 - 103:2] (10 lines, 105 tokens)
   src/test/java/emissary/server/mvc/internal/HeartbeatActionTest.java [76:9 - 86:6]

Clone found (java):
 - src/test/java/emissary/server/mvc/internal/FailDirectoryActionTest.java [9:5 - 22:8] (13 lines, 148 tokens)
   src/test/java/emissary/server/mvc/internal/WorkSpaceClientSpaceTakeActionTest.java [6:17 - 22:15]

Clone found (java):
 - src/test/java/emissary/server/mvc/internal/FailDirectoryActionTest.java [25:17 - 31:24] (6 lines, 65 tokens)
   src/test/java/emissary/server/mvc/internal/WorkBundleCompletedActionTest.java [22:11 - 28:30]

Clone found (java):
 - src/test/java/emissary/server/mvc/internal/FailDirectoryActionTest.java [69:22 - 82:17] (13 lines, 127 tokens)
   src/test/java/emissary/server/mvc/internal/WorkSpaceClientSpaceTakeActionTest.java [62:25 - 75:12]

Clone found (java):
 - src/test/java/emissary/server/mvc/internal/FailDirectoryActionTest.java [83:17 - 91:21] (8 lines, 97 tokens)
   src/test/java/emissary/server/mvc/internal/FailDirectoryActionTest.java [66:9 - 67:14]

Clone found (java):
 - src/test/java/emissary/server/mvc/internal/FailDirectoryActionTest.java [98:22 - 103:71] (5 lines, 70 tokens)
   src/test/java/emissary/server/mvc/internal/WorkBundleCompletedActionTest.java [144:29 - 149:24]

Clone found (java):
 - src/test/java/emissary/server/mvc/internal/FailDirectoryActionTest.java [119:9 - 126:71] (7 lines, 88 tokens)
   src/test/java/emissary/server/mvc/internal/FailDirectoryActionTest.java [97:9 - 149:24]

Clone found (java):
 - src/test/java/emissary/server/mvc/internal/FailDirectoryActionTest.java [134:15 - 142:13] (8 lines, 91 tokens)
   src/test/java/emissary/server/mvc/internal/FailDirectoryActionTest.java [66:9 - 74:11]

Clone found (java):
 - src/test/java/emissary/server/mvc/internal/FailDirectoryActionTest.java [137:22 - 142:51] (5 lines, 70 tokens)
   src/test/java/emissary/server/mvc/internal/WorkSpaceClientSpaceTakeActionTest.java [95:25 - 100:57]

Clone found (java):
 - src/test/java/emissary/server/mvc/internal/DeregisterPlaceActionTest.java [7:15 - 16:7] (9 lines, 92 tokens)
   src/test/java/emissary/server/mvc/internal/WorkSpaceClientSpaceTakeActionTest.java [6:17 - 15:12]

Clone found (java):
 - src/test/java/emissary/server/mvc/internal/DeregisterPlaceActionTest.java [16:7 - 23:17] (7 lines, 82 tokens)
   src/test/java/emissary/server/mvc/internal/WorkBundleCompletedActionTest.java [12:12 - 23:21]

Clone found (java):
 - src/test/java/emissary/server/mvc/internal/DeregisterPlaceActionTest.java [32:25 - 40:8] (8 lines, 87 tokens)
   src/test/java/emissary/server/mvc/internal/FailDirectoryActionTest.java [36:23 - 44:22]

Clone found (java):
 - src/test/java/emissary/server/mvc/internal/DeregisterPlaceActionTest.java [42:2 - 63:24] (21 lines, 153 tokens)
   src/test/java/emissary/server/mvc/internal/FailDirectoryActionTest.java [47:5 - 69:22]

Clone found (java):
 - src/test/java/emissary/server/mvc/internal/DeregisterPlaceActionTest.java [63:24 - 80:24] (17 lines, 174 tokens)
   src/test/java/emissary/server/mvc/internal/WorkSpaceClientSpaceTakeActionTest.java [62:25 - 86:22]

Clone found (java):
 - src/test/java/emissary/server/mvc/internal/DeregisterPlaceActionTest.java [77:17 - 85:21] (8 lines, 97 tokens)
   src/test/java/emissary/server/mvc/internal/DeregisterPlaceActionTest.java [60:9 - 67:14]

Clone found (java):
 - src/test/java/emissary/server/mvc/internal/DeregisterPlaceActionTest.java [92:15 - 100:13] (8 lines, 91 tokens)
   src/test/java/emissary/server/mvc/internal/DeregisterPlaceActionTest.java [60:9 - 68:11]

Clone found (java):
 - src/test/java/emissary/server/mvc/internal/DeregisterPlaceActionTest.java [95:24 - 100:45] (5 lines, 70 tokens)
   src/test/java/emissary/server/mvc/internal/WorkSpaceClientSpaceTakeActionTest.java [95:25 - 100:57]

Clone found (java):
 - src/test/java/emissary/server/mvc/internal/DeregisterPlaceActionTest.java [107:24 - 112:47] (5 lines, 70 tokens)
   src/test/java/emissary/server/mvc/internal/WorkBundleCompletedActionTest.java [144:29 - 149:24]

Clone found (java):
 - src/test/java/emissary/server/mvc/internal/DeregisterPlaceActionTest.java [120:9 - 126:74] (6 lines, 85 tokens)
   src/test/java/emissary/server/mvc/internal/DeregisterPlaceActionTest.java [106:9 - 112:13]

Clone found (java):
 - src/test/java/emissary/server/mvc/internal/DeregisterPlaceActionTest.java [134:12 - 141:5] (7 lines, 100 tokens)
   src/test/java/emissary/server/mvc/internal/DeregisterPlaceActionTest.java [119:17 - 112:4]

Clone found (java):
 - src/test/java/emissary/output/roller/journal/JournaledChannelPoolTest.java [4:18 - 11:15] (7 lines, 64 tokens)
   src/test/java/emissary/output/roller/journal/JournaledChannelTest.java [5:8 - 11:12]

Clone found (java):
 - src/main/java/emissary/server/mvc/internal/WorkSpaceClientOpenWorkSpaceAction.java [6:12 - 19:7] (13 lines, 104 tokens)
   src/main/java/emissary/server/mvc/internal/WorkSpaceClientSpaceTakeAction.java [10:12 - 22:6]

Clone found (java):
 - src/main/java/emissary/server/mvc/internal/WorkBundleCompletedAction.java [6:12 - 22:7] (16 lines, 151 tokens)
   src/main/java/emissary/server/mvc/internal/WorkSpaceClientSpaceTakeAction.java [8:12 - 24:4]

Clone found (java):
 - src/main/java/emissary/server/mvc/internal/RegisterPeerAction.java [19:4 - 28:17] (9 lines, 96 tokens)
   src/main/java/emissary/server/mvc/internal/WorkSpaceClientSpaceTakeAction.java [12:14 - 19:17]

Clone found (java):
 - src/main/java/emissary/server/mvc/internal/HeartbeatAction.java [6:17 - 21:23] (15 lines, 122 tokens)
   src/main/java/emissary/server/mvc/internal/WorkSpaceClientOpenWorkSpaceAction.java [5:13 - 23:47]

Clone found (java):
 - src/main/java/emissary/server/mvc/internal/FailDirectoryAction.java [11:4 - 21:8] (10 lines, 99 tokens)
   src/main/java/emissary/server/mvc/internal/WorkSpaceClientSpaceTakeAction.java [12:14 - 28:15]

Clone found (java):
 - src/main/java/emissary/server/mvc/internal/FailDirectoryAction.java [18:10 - 26:6] (8 lines, 85 tokens)
   src/test/java/emissary/server/mvc/internal/FailDirectoryActionTest.java [19:19 - 26:7]

Clone found (java):
 - src/main/java/emissary/server/mvc/internal/DeregisterPlaceAction.java [1:1 - 13:5] (12 lines, 96 tokens)
   src/main/java/emissary/server/mvc/internal/FailDirectoryAction.java [1:1 - 13:6]

Clone found (java):
 - src/main/java/emissary/server/mvc/internal/DeregisterPlaceAction.java [13:5 - 23:17] (10 lines, 115 tokens)
   src/main/java/emissary/server/mvc/internal/WorkSpaceClientSpaceTakeAction.java [12:14 - 22:21]

Clone found (java):
 - src/main/java/emissary/server/mvc/adapters/WorkSpaceAdapter.java [62:35 - 69:6] (7 lines, 77 tokens)
   src/main/java/emissary/server/mvc/adapters/WorkSpaceAdapter.java [41:39 - 48:82]

Clone found (java):
 - src/main/java/emissary/output/roller/journal/JournaledChannel.java [1:1 - 9:12] (8 lines, 66 tokens)
   src/main/java/emissary/output/roller/journal/KeyedOutput.java [1:1 - 9:20]

Clone found (java):
 - src/main/java/emissary/output/roller/journal/JournaledChannel.java [163:5 - 180:2] (17 lines, 119 tokens)
   src/main/java/emissary/output/roller/journal/KeyedOutput.java [84:5 - 101:2]

Clone found (java):
 - src/test/java/emissary/util/web/UrlDataTest.java [62:25 - 69:13] (7 lines, 84 tokens)
   src/test/java/emissary/util/web/UrlDataTest.java [14:2 - 21:11]

Clone found (java):
 - src/test/java/emissary/util/web/UrlDataTest.java [79:11 - 85:4] (6 lines, 72 tokens)
   src/test/java/emissary/util/web/UrlDataTest.java [14:2 - 20:14]

Clone found (java):
 - src/test/java/emissary/util/web/UrlDataTest.java [144:20 - 150:9] (6 lines, 85 tokens)
   src/test/java/emissary/util/web/UrlDataTest.java [133:31 - 139:9]

Clone found (java):
 - src/test/java/emissary/util/shell/ExecutrixTest.java [3:9 - 10:5] (7 lines, 64 tokens)
   src/test/java/emissary/output/roller/journal/JournaledChannelTest.java [5:8 - 11:12]

Clone found (java):
 - src/test/java/emissary/util/shell/ExecutrixTest.java [24:10 - 31:8] (7 lines, 94 tokens)
   src/test/java/emissary/test/core/junit5/ExtractionTest.java [35:18 - 42:6]

Clone found (java):
 - src/test/java/emissary/util/search/MultiKeywordScannerTest.java [76:9 - 81:2] (5 lines, 75 tokens)
   src/test/java/emissary/util/search/MultiKeywordScannerTest.java [32:8 - 68:2]

Clone found (java):
 - src/test/java/emissary/util/search/MultiKeywordScannerTest.java [89:9 - 94:5] (5 lines, 77 tokens)
   src/test/java/emissary/util/search/MultiKeywordScannerTest.java [45:8 - 63:12]

Clone found (java):
 - src/test/java/emissary/util/search/ByteMatcherTest.java [5:10 - 13:14] (8 lines, 89 tokens)
   src/test/java/emissary/util/search/KeywordScannerTest.java [3:9 - 12:13]

Clone found (java):
 - src/test/java/emissary/util/search/ByteMatcherTest.java [9:28 - 15:13] (6 lines, 85 tokens)
   src/test/java/emissary/test/core/junit5/ExtractionTest.java [35:18 - 41:11]

Clone found (java):
 - src/test/java/emissary/util/io/LoggingPrintStreamTest.java [1:3 - 7:16] (6 lines, 69 tokens)
   src/test/java/emissary/util/shell/ProcessReaderTest.java [3:9 - 9:21]

Clone found (java):
 - src/test/java/emissary/util/io/LoggingPrintStreamTest.java [183:28 - 189:2] (6 lines, 109 tokens)
   src/test/java/emissary/util/io/LoggingPrintStreamTest.java [164:28 - 170:2]

Clone found (java):
 - src/test/java/emissary/util/io/LoggingPrintStreamTest.java [234:16 - 242:6] (8 lines, 129 tokens)
   src/test/java/emissary/util/io/LoggingPrintStreamTest.java [205:17 - 213:14]

Clone found (java):
 - src/test/java/emissary/util/io/LoggingPrintStreamTest.java [278:2 - 310:2] (32 lines, 377 tokens)
   src/test/java/emissary/test/core/junit5/LogbackTester.java [23:5 - 55:2]

Clone found (java):
 - src/test/java/emissary/util/io/ListOpenFilesTest.java [4:10 - 12:3] (8 lines, 71 tokens)
   src/test/java/emissary/output/roller/journal/JournaledChannelTest.java [5:8 - 12:4]

Clone found (java):
 - src/test/java/emissary/transform/decode/HtmlEscapeTest.java [37:14 - 48:26] (11 lines, 153 tokens)
   src/test/java/emissary/transform/decode/HtmlEscapeTest.java [23:18 - 34:17]

Clone found (java):
 - src/test/java/emissary/transform/decode/HtmlEscapeTest.java [117:20 - 123:37] (6 lines, 83 tokens)
   src/test/java/emissary/transform/decode/HtmlEscapeTest.java [95:19 - 101:33]

Clone found (java):
 - src/test/java/emissary/test/core/UnitTest.java [1:5 - 12:6] (11 lines, 90 tokens)
   src/test/java/emissary/test/core/junit5/UnitTest.java [1:7 - 12:8]

Clone found (java):
 - src/test/java/emissary/test/core/UnitTest.java [143:2 - 154:7] (11 lines, 97 tokens)
   src/test/java/emissary/test/core/junit5/UnitTest.java [88:2 - 99:5]

Clone found (java):
 - src/test/java/emissary/test/core/UnitTest.java [181:5 - 191:17] (10 lines, 116 tokens)
   src/test/java/emissary/test/core/junit5/UnitTest.java [101:5 - 111:4]

Clone found (java):
 - src/test/java/emissary/test/core/UnitTest.java [214:3 - 258:9] (44 lines, 240 tokens)
   src/test/java/emissary/test/core/junit5/UnitTest.java [129:2 - 173:11]

Clone found (java):
 - src/test/java/emissary/test/core/UnitTest.java [270:2 - 285:2] (15 lines, 127 tokens)
   src/test/java/emissary/test/core/junit5/UnitTest.java [185:9 - 200:2]

Clone found (java):
 - src/test/java/emissary/test/core/UnitTest.java [285:5 - 294:2] (9 lines, 85 tokens)
   src/test/java/emissary/test/core/junit5/UnitTest.java [200:10 - 210:7]

Clone found (java):
 - src/test/java/emissary/test/core/TestExtractionTest.java [1:5 - 10:5] (9 lines, 74 tokens)
   src/test/java/emissary/test/core/junit5/TestExtractionTest.java [4:16 - 12:11]

Clone found (java):
 - src/test/java/emissary/test/core/TestExtractionTest.java [9:11 - 17:14] (8 lines, 67 tokens)
   src/test/java/emissary/test/core/junit5/TestExtractionTest.java [12:11 - 20:13]

Clone found (java):
 - src/test/java/emissary/test/core/TestExtractionTest.java [32:11 - 44:7] (12 lines, 129 tokens)
   src/test/java/emissary/test/core/junit5/TestExtractionTest.java [38:2 - 50:12]

Clone found (java):
 - src/test/java/emissary/test/core/TestExtractionTest.java [42:41 - 54:13] (12 lines, 136 tokens)
   src/test/java/emissary/test/core/TestExtractionTest.java [24:34 - 35:5]

Clone found (java):
 - src/test/java/emissary/test/core/TestExtractionTest.java [58:2 - 65:7] (7 lines, 84 tokens)
   src/test/java/emissary/test/core/TestExtractionTest.java [24:2 - 32:35]

Clone found (java):
 - src/test/java/emissary/test/core/TestExtractionTest.java [67:11 - 86:120] (19 lines, 195 tokens)
   src/test/java/emissary/test/core/junit5/TestExtractionTest.java [85:2 - 103:97]

Clone found (java):
 - src/test/java/emissary/test/core/TestExtractionTest.java [88:9 - 96:7] (8 lines, 90 tokens)
   src/test/java/emissary/test/core/junit5/TestExtractionTest.java [105:9 - 113:6]

Clone found (java):
 - src/test/java/emissary/test/core/IdentificationTest.java [1:5 - 10:6] (9 lines, 70 tokens)
   src/test/java/emissary/test/core/junit5/IdentificationTest.java [1:7 - 10:8]

Clone found (java):
 - src/test/java/emissary/test/core/IdentificationTest.java [64:2 - 69:9] (5 lines, 76 tokens)
   src/test/java/emissary/test/core/junit5/IdentificationTest.java [55:9 - 60:23]

Clone found (java):
 - src/test/java/emissary/test/core/IdentificationTest.java [69:5 - 79:2] (10 lines, 131 tokens)
   src/test/java/emissary/test/core/junit5/IdentificationTest.java [60:9 - 70:2]

Clone found (java):
 - src/test/java/emissary/test/core/IdentificationTest.java [81:5 - 104:28] (23 lines, 231 tokens)
   src/test/java/emissary/test/core/junit5/IdentificationTest.java [82:5 - 105:14]

Clone found (java):
 - src/test/java/emissary/test/core/FunctionalTest.java [1:5 - 19:12] (18 lines, 141 tokens)
   src/test/java/emissary/test/core/junit5/FunctionalTest.java [1:7 - 19:12]

Clone found (java):
 - src/test/java/emissary/test/core/FunctionalTest.java [26:2 - 48:2] (22 lines, 174 tokens)
   src/test/java/emissary/test/core/junit5/FunctionalTest.java [28:2 - 50:2]

Clone found (java):
 - src/test/java/emissary/test/core/FunctionalTest.java [102:9 - 135:2] (33 lines, 272 tokens)
   src/test/java/emissary/test/core/junit5/FunctionalTest.java [89:9 - 122:5]

Clone found (java):
 - src/test/java/emissary/test/core/FunctionalTest.java [135:2 - 152:12] (17 lines, 180 tokens)
   src/test/java/emissary/test/core/junit5/FunctionalTest.java [122:2 - 139:14]

Clone found (java):
 - src/test/java/emissary/test/core/FunctionalTest.java [152:2 - 168:11] (16 lines, 124 tokens)
   src/test/java/emissary/test/core/junit5/FunctionalTest.java [139:2 - 155:12]

Clone found (java):
 - src/test/java/emissary/test/core/FunctionalTest.java [168:2 - 183:3] (15 lines, 102 tokens)
   src/test/java/emissary/test/core/junit5/FunctionalTest.java [155:33 - 170:4]

Clone found (java):
 - src/test/java/emissary/test/core/ExtractionTest.java [1:5 - 11:4] (10 lines, 73 tokens)
   src/test/java/emissary/test/core/junit5/ExtractionTest.java [1:7 - 11:4]

Clone found (java):
 - src/test/java/emissary/test/core/ExtractionTest.java [9:9 - 18:6] (9 lines, 84 tokens)
   src/test/java/emissary/test/core/junit5/ExtractionTest.java [11:12 - 19:8]

Clone found (java):
 - src/test/java/emissary/test/core/ExtractionTest.java [17:8 - 28:4] (11 lines, 92 tokens)
   src/test/java/emissary/test/core/IdentificationTest.java [9:8 - 20:5]

Clone found (java):
 - src/test/java/emissary/test/core/ExtractionTest.java [22:14 - 33:6] (11 lines, 88 tokens)
   src/test/java/emissary/test/core/junit5/ExtractionTest.java [23:13 - 34:5]

Clone found (java):
 - src/test/java/emissary/test/core/ExtractionTest.java [63:15 - 87:20] (24 lines, 143 tokens)
   src/test/java/emissary/test/core/IdentificationTest.java [40:19 - 64:24]

Clone found (java):
 - src/test/java/emissary/test/core/ExtractionTest.java [87:2 - 98:19] (11 lines, 116 tokens)
   src/test/java/emissary/test/core/junit5/ExtractionTest.java [94:9 - 105:12]

Clone found (java):
 - src/test/java/emissary/test/core/ExtractionTest.java [99:19 - 109:2] (10 lines, 133 tokens)
   src/test/java/emissary/test/core/junit5/ExtractionTest.java [106:12 - 116:2]

Clone found (java):
 - src/test/java/emissary/test/core/ExtractionTest.java [109:2 - 164:28] (55 lines, 554 tokens)
   src/test/java/emissary/test/core/junit5/ExtractionTest.java [116:2 - 171:7]

Clone found (java):
 - src/test/java/emissary/test/core/ExtractionTest.java [164:2 - 173:7] (9 lines, 87 tokens)
   src/test/java/emissary/test/core/junit5/ExtractionTest.java [171:6 - 179:8]

Clone found (java):
 - src/test/java/emissary/test/core/ExtractionTest.java [230:4 - 246:7] (16 lines, 148 tokens)
   src/test/java/emissary/test/core/junit5/ExtractionTest.java [244:2 - 260:9]

Clone found (java):
 - src/test/java/emissary/test/core/ExtractionTest.java [249:7 - 258:7] (9 lines, 86 tokens)
   src/test/java/emissary/test/core/junit5/ExtractionTest.java [263:2 - 272:9]

Clone found (java):
 - src/test/java/emissary/test/core/ExtractionTest.java [258:9 - 270:7] (12 lines, 85 tokens)
   src/test/java/emissary/test/core/junit5/ExtractionTest.java [272:2 - 284:8]

Clone found (java):
 - src/test/java/emissary/test/core/ExtractionTest.java [271:11 - 284:7] (13 lines, 125 tokens)
   src/test/java/emissary/test/core/junit5/ExtractionTest.java [285:2 - 298:2]

Clone found (java):
 - src/test/java/emissary/test/core/ExtractionTest.java [287:9 - 305:5] (18 lines, 155 tokens)
   src/test/java/emissary/test/core/junit5/ExtractionTest.java [307:9 - 325:6]

Clone found (java):
 - src/test/java/emissary/test/core/ExtractionTest.java [322:5 - 329:5] (7 lines, 110 tokens)
   src/test/java/emissary/test/core/junit5/ExtractionTest.java [341:2 - 348:16]

Clone found (java):
 - src/test/java/emissary/test/core/ExtractionTest.java [334:2 - 345:11] (11 lines, 110 tokens)
   src/test/java/emissary/test/core/junit5/ExtractionTest.java [354:2 - 365:2]

Clone found (java):
 - src/test/java/emissary/test/core/ExtractionTest.java [345:2 - 357:4] (12 lines, 94 tokens)
   src/test/java/emissary/test/core/junit5/ExtractionTest.java [365:2 - 377:6]

Clone found (java):
 - src/test/java/emissary/test/core/ExtractionTest.java [354:15 - 391:2] (37 lines, 352 tokens)
   src/test/java/emissary/test/core/junit5/ExtractionTest.java [379:13 - 416:2]

Clone found (java):
 - src/test/java/emissary/server/api/EmissaryApiTest.java [176:10 - 181:4] (5 lines, 77 tokens)
   src/test/java/emissary/server/api/EmissaryApiTest.java [115:7 - 120:29]

Clone found (java):
 - src/test/java/emissary/server/api/EmissaryApiTest.java [187:6 - 192:26] (5 lines, 77 tokens)
   src/test/java/emissary/server/api/EmissaryApiTest.java [115:7 - 120:29]

Clone found (java):
 - src/test/java/emissary/pickup/file/FTestSpacePlaceInteraction.java [20:12 - 27:6] (7 lines, 72 tokens)
   src/test/java/emissary/server/mvc/EmissaryMvcTest.java [16:9 - 22:7]

Clone found (java):
 - src/test/java/emissary/output/roller/JournaledCoalescerTest.java [11:18 - 19:22] (8 lines, 75 tokens)
   src/test/java/emissary/output/roller/journal/JournaledChannelPoolTest.java [3:9 - 11:12]

Clone found (java):
 - src/test/java/emissary/output/roller/JournaledCoalescerTest.java [236:9 - 245:26] (9 lines, 98 tokens)
   src/test/java/emissary/output/roller/JournaledCoalescerTest.java [124:9 - 133:8]

Clone found (java):
 - src/test/java/emissary/output/roller/JournaledCoalescerTest.java [285:2 - 294:12] (9 lines, 81 tokens)
   src/test/java/emissary/output/roller/JournaledCoalescerTest.java [247:6 - 256:11]

Clone found (java):
 - src/test/java/emissary/output/filter/XmlOutputFilterTest.java [8:6 - 14:22] (6 lines, 63 tokens)
   src/test/java/emissary/output/roller/journal/JournaledChannelTest.java [5:8 - 11:12]

Clone found (java):
 - src/test/java/emissary/output/filter/JsonOutputFilterTest.java [8:12 - 18:10] (10 lines, 103 tokens)
   src/test/java/emissary/output/roller/journal/JournaledChannelTest.java [5:8 - 18:8]

Clone found (java):
 - src/test/java/emissary/output/filter/JsonOutputFilterTest.java [29:2 - 42:14] (13 lines, 102 tokens)
   src/test/java/emissary/output/filter/XmlOutputFilterTest.java [25:2 - 38:18]

Clone found (java):
 - src/test/java/emissary/output/filter/JsonOutputFilterTest.java [71:4 - 81:31] (10 lines, 107 tokens)
   src/test/java/emissary/output/filter/XmlOutputFilterTest.java [67:13 - 77:37]

Clone found (java):
 - src/test/java/emissary/output/filter/JsonOutputFilterTest.java [123:8 - 132:7] (9 lines, 93 tokens)
   src/test/java/emissary/output/filter/XmlOutputFilterTest.java [69:2 - 82:11]

Clone found (java):
 - src/test/java/emissary/output/filter/JsonOutputFilterTest.java [143:6 - 155:7] (12 lines, 120 tokens)
   src/test/java/emissary/output/filter/JsonOutputFilterTest.java [68:7 - 77:13]

Clone found (java):
 - src/test/java/emissary/output/filter/JsonOutputFilterTest.java [168:9 - 175:8] (7 lines, 73 tokens)
   src/test/java/emissary/output/filter/JsonOutputFilterTest.java [101:9 - 109:5]

Clone found (java):
 - src/test/java/emissary/output/filter/JsonOutputFilterTest.java [178:9 - 191:13] (13 lines, 134 tokens)
   src/test/java/emissary/output/filter/JsonOutputFilterTest.java [68:7 - 157:7]

Clone found (java):
 - src/test/java/emissary/output/filter/JsonOutputFilterTest.java [201:7 - 226:50] (25 lines, 283 tokens)
   src/test/java/emissary/output/filter/JsonOutputFilterTest.java [168:4 - 193:54]

Clone found (java):
 - src/test/java/emissary/output/filter/JsonOutputFilterTest.java [234:9 - 251:20] (17 lines, 179 tokens)
   src/test/java/emissary/output/filter/JsonOutputFilterTest.java [68:9 - 160:20]

Clone found (java):
 - src/test/java/emissary/output/filter/JsonOutputFilterTest.java [281:18 - 298:11] (17 lines, 159 tokens)
   src/test/java/emissary/output/filter/JsonOutputFilterTest.java [257:14 - 274:12]

Clone found (java):
 - src/test/java/emissary/output/filter/JsonOutputFilterTest.java [312:6 - 321:7] (9 lines, 86 tokens)
   src/test/java/emissary/output/filter/JsonOutputFilterTest.java [264:10 - 273:10]

Clone found (java):
 - src/test/java/emissary/output/filter/JsonOutputFilterTest.java [369:22 - 385:11] (16 lines, 151 tokens)
   src/test/java/emissary/output/filter/JsonOutputFilterTest.java [68:7 - 134:13]

Clone found (java):
 - src/test/java/emissary/output/filter/DataFilterTest.java [13:10 - 21:15] (8 lines, 67 tokens)
   src/test/java/emissary/output/filter/XmlOutputFilterTest.java [17:5 - 25:20]

Clone found (java):
 - src/test/java/emissary/core/channels/SeekableByteChannelHelperTest.java [3:15 - 9:4] (6 lines, 61 tokens)
   src/test/java/emissary/test/core/junit5/LogbackTester.java [1:7 - 7:4]

Clone found (java):
 - src/test/java/emissary/core/channels/SeekableByteChannelHelperTest.java [24:18 - 30:30] (6 lines, 73 tokens)
   src/test/java/emissary/util/search/KeywordScannerTest.java [8:28 - 15:19]

Clone found (java):
 - src/test/java/emissary/core/channels/LoggingInputStreamFactoryTest.java [13:21 - 19:11] (6 lines, 69 tokens)
   src/test/java/emissary/pickup/file/FTestSpacePlaceInteraction.java [18:17 - 24:11]

Clone found (java):
 - src/test/java/emissary/core/channels/LoggingInputStreamFactoryTest.java [17:13 - 23:30] (6 lines, 73 tokens)
   src/test/java/emissary/util/search/ByteMatcherTest.java [12:12 - 18:16]

Clone found (java):
 - src/test/java/emissary/core/channels/LoggingChannelFactoryTest.java [1:1 - 10:6] (9 lines, 111 tokens)
   src/test/java/emissary/core/channels/LoggingInputStreamFactoryTest.java [1:1 - 10:6]

Clone found (java):
 - src/test/java/emissary/core/channels/LoggingChannelFactoryTest.java [18:19 - 23:11] (5 lines, 68 tokens)
   src/test/java/emissary/core/channels/LoggingInputStreamFactoryTest.java [15:12 - 20:13]

Clone found (java):
 - src/test/java/emissary/core/channels/LoggingChannelFactoryTest.java [97:2 - 118:23] (21 lines, 169 tokens)
   src/test/java/emissary/core/channels/LoggingInputStreamFactoryTest.java [101:2 - 121:23]

Clone found (java):
 - src/test/java/emissary/core/channels/InputStreamChannelFactoryTest.java [100:2 - 109:26] (9 lines, 94 tokens)
   src/test/java/emissary/core/channels/InputStreamChannelFactoryTest.java [89:7 - 98:19]

Clone found (java):
 - src/test/java/emissary/core/channels/ImmutableChannelFactoryTest.java [1:1 - 12:12] (11 lines, 111 tokens)
   src/test/java/emissary/core/channels/InMemoryChannelFactoryTest.java [1:1 - 12:13]

Clone found (java):
 - src/test/java/emissary/core/channels/ImmutableChannelFactoryTest.java [9:20 - 16:28] (7 lines, 74 tokens)
   src/test/java/emissary/util/search/KeywordScannerTest.java [8:28 - 15:19]

Clone found (java):
 - src/test/java/emissary/core/channels/FileChannelFactoryTest.java [8:12 - 15:13] (7 lines, 70 tokens)
   src/test/java/emissary/core/channels/SeekableByteChannelHelperTest.java [17:20 - 24:18]

Clone found (java):
 - src/test/java/emissary/core/channels/FileChannelFactoryTest.java [13:5 - 20:23] (7 lines, 74 tokens)
   src/test/java/emissary/util/search/KeywordScannerTest.java [8:28 - 15:19]

Clone found (java):
 - src/test/java/emissary/core/channels/ChannelTestHelper.java [3:8 - 13:7] (10 lines, 77 tokens)
   src/test/java/emissary/core/channels/FillChannelFactoryTest.java [4:5 - 13:7]

Clone found (java):
 - src/test/java/emissary/core/channels/AbstractSeekableByteChannelTest.java [7:23 - 16:32] (9 lines, 96 tokens)
   src/test/java/emissary/core/channels/ImmutableChannelFactoryTest.java [7:11 - 15:19]

Clone found (java):
 - src/test/java/emissary/command/converter/ProjectBaseConverterTest.java [1:10 - 10:5] (9 lines, 70 tokens)
   src/test/java/emissary/output/roller/journal/JournaledChannelPoolTest.java [1:8 - 9:4]

Clone found (java):
 - src/test/java/emissary/command/converter/PriorityDirectoryConverterTest.java [4:18 - 13:31] (9 lines, 80 tokens)
   src/test/java/emissary/util/web/UrlTest.java [1:4 - 11:8]

Clone found (java):
 - src/test/java/emissary/command/converter/PathExistsReadableConverterTest.java [1:10 - 9:3] (8 lines, 63 tokens)
   src/test/java/emissary/output/roller/journal/JournalTest.java [1:8 - 9:4]

Clone found (java):
 - src/test/java/emissary/command/converter/PathExistsConverterTest.java [1:1 - 17:24] (16 lines, 144 tokens)
   src/test/java/emissary/command/converter/ProjectBaseConverterTest.java [1:1 - 17:25]

Clone found (java):
 - src/test/java/emissary/command/converter/PathExistsConverterTest.java [31:5 - 53:14] (22 lines, 125 tokens)
   src/test/java/emissary/command/converter/PathExistsReadableConverterTest.java [28:7 - 50:15]

Clone found (java):
 - src/test/java/emissary/command/converter/FileExistsConverterTest.java [1:1 - 10:5] (9 lines, 81 tokens)
   src/test/java/emissary/command/converter/ProjectBaseConverterTest.java [1:1 - 10:12]

Clone found (java):
 - src/test/java/emissary/command/converter/FileExistsConverterTest.java [4:18 - 12:4] (8 lines, 65 tokens)
   src/test/java/emissary/pickup/file/FilePickUpClientTest.java [10:15 - 18:3]

Clone found (java):
 - src/test/java/emissary/command/converter/FileExistsConverterTest.java [10:5 - 18:24] (8 lines, 71 tokens)
   src/test/java/emissary/command/converter/ProjectBaseConverterTest.java [8:5 - 17:25]

Clone found (java):
 - src/test/java/emissary/client/response/AgentsListTest.java [5:14 - 12:5] (7 lines, 70 tokens)
   src/test/java/emissary/core/channels/LoggingInputStreamFactoryTest.java [5:16 - 12:3]

Clone found (java):
 - src/main/java/emissary/util/shell/ReadOutputBuffer.java [62:2 - 71:14] (9 lines, 96 tokens)
   src/main/java/emissary/util/shell/ReadOutputBuffer.java [39:8 - 48:13]

Clone found (java):
 - src/main/java/emissary/util/shell/ReadOutputBuffer.java [72:4 - 82:8] (10 lines, 94 tokens)
   src/main/java/emissary/util/shell/ReadOutputBuffer.java [61:4 - 48:7]

Clone found (java):
 - src/main/java/emissary/util/search/MultiKeywordScanner.java [133:9 - 141:3] (8 lines, 130 tokens)
   src/main/java/emissary/util/search/MultiKeywordScanner.java [89:8 - 97:2]

Clone found (java):
 - src/main/java/emissary/util/search/FastBoyerMoore.java [115:2 - 125:4] (10 lines, 127 tokens)
   src/main/java/emissary/util/search/FastBoyerMoore.java [101:5 - 111:6]

Clone found (java):
 - src/main/java/emissary/util/search/FastBoyerMoore.java [134:8 - 147:6] (13 lines, 216 tokens)
   src/main/java/emissary/util/search/FastBoyerMoore.java [96:5 - 109:2]

Clone found (java):
 - src/main/java/emissary/util/search/FastBoyerMoore.java [154:2 - 165:4] (11 lines, 150 tokens)
   src/main/java/emissary/util/search/FastBoyerMoore.java [115:2 - 150:6]

Clone found (java):
 - src/main/java/emissary/util/search/FastBoyerMoore.java [238:2 - 250:5] (12 lines, 128 tokens)
   src/main/java/emissary/util/search/FastBoyerMoore.java [187:5 - 199:7]

Clone found (java):
 - src/main/java/emissary/util/search/FastBoyerMoore.java [279:17 - 294:20] (15 lines, 157 tokens)
   src/main/java/emissary/util/search/FastBoyerMoore.java [244:17 - 259:26]

Clone found (java):
 - src/main/java/emissary/util/search/ByteMatcher.java [26:2 - 46:8] (20 lines, 124 tokens)
   src/main/java/emissary/util/search/KeywordScanner.java [29:2 - 49:8]

Clone found (java):
 - src/main/java/emissary/util/search/BackwardsTreeScanner.java [125:2 - 136:8] (11 lines, 107 tokens)
   src/main/java/emissary/util/search/FastBoyerMoore.java [403:2 - 414:5]

Clone found (java):
 - src/main/java/emissary/util/io/FastStringBuffer.java [197:9 - 203:5] (6 lines, 76 tokens)
   src/main/java/emissary/util/io/FastStringBuffer.java [159:17 - 165:69]

Clone found (java):
 - src/main/java/emissary/util/io/FastStringBuffer.java [278:18 - 293:2] (15 lines, 153 tokens)
   src/main/java/emissary/util/io/FastStringBuffer.java [244:11 - 259:2]

Clone found (java):
 - src/main/java/emissary/util/io/FastStringBuffer.java [293:10 - 300:4] (7 lines, 88 tokens)
   src/main/java/emissary/util/io/FastStringBuffer.java [259:5 - 266:5]

Clone found (java):
 - src/main/java/emissary/transform/decode/JavascriptEscape.java [24:4 - 39:2] (15 lines, 194 tokens)
   src/main/java/emissary/transform/decode/JsonEscape.java [24:2 - 39:13]

Clone found (java):
 - src/main/java/emissary/transform/decode/JavascriptEscape.java [55:2 - 63:17] (8 lines, 99 tokens)
   src/main/java/emissary/transform/decode/JsonEscape.java [82:2 - 90:11]

Clone found (java):
 - src/main/java/emissary/transform/decode/HtmlEscape.java [341:9 - 349:3] (8 lines, 94 tokens)
   src/main/java/emissary/transform/decode/JavascriptEscape.java [55:9 - 90:5]

Clone found (java):
 - src/main/java/emissary/server/mvc/TransferDirectoryAction.java [14:9 - 22:6] (8 lines, 73 tokens)
   src/main/java/emissary/server/mvc/internal/RollOutputsAction.java [10:13 - 18:7]

Clone found (java):
 - src/main/java/emissary/server/mvc/PauseAction.java [1:1 - 16:12] (15 lines, 126 tokens)
   src/main/java/emissary/server/mvc/ShutdownAction.java [1:1 - 16:15]

Clone found (java):
 - src/main/java/emissary/server/mvc/NamespaceAction.java [11:4 - 21:16] (10 lines, 84 tokens)
   src/main/java/emissary/server/mvc/ShutdownAction.java [6:4 - 16:15]

Clone found (java):
 - src/main/java/emissary/server/api/Pool.java [1:1 - 9:5] (8 lines, 70 tokens)
   src/main/java/emissary/server/api/Version.java [1:1 - 9:7]

Clone found (java):
 - src/main/java/emissary/server/api/Pool.java [15:14 - 28:4] (13 lines, 94 tokens)
   src/main/java/emissary/server/api/Version.java [15:4 - 28:4]

Clone found (java):
 - src/main/java/emissary/server/api/Pool.java [55:11 - 66:11] (11 lines, 111 tokens)
   src/main/java/emissary/server/api/Version.java [56:14 - 67:14]

Clone found (java):
 - src/main/java/emissary/server/api/Places.java [7:10 - 28:4] (21 lines, 159 tokens)
   src/main/java/emissary/server/api/Version.java [7:19 - 28:4]

Clone found (java):
 - src/main/java/emissary/server/api/Places.java [58:21 - 69:21] (11 lines, 86 tokens)
   src/main/java/emissary/server/api/Version.java [57:18 - 67:18]

Clone found (java):
 - src/main/java/emissary/server/api/Peers.java [6:18 - 19:15] (13 lines, 122 tokens)
   src/main/java/emissary/server/api/Version.java [9:15 - 22:12]

Clone found (java):
 - src/main/java/emissary/server/api/Pause.java [3:19 - 19:6] (16 lines, 126 tokens)
   src/main/java/emissary/server/api/Shutdown.java [1:4 - 18:9]

Clone found (java):
 - src/main/java/emissary/server/api/MetricsAction.java [4:19 - 15:6] (11 lines, 82 tokens)
   src/main/java/emissary/server/api/Pool.java [13:8 - 22:7]

Clone found (java):
 - src/main/java/emissary/server/api/HealthCheckAction.java [1:1 - 17:18] (16 lines, 119 tokens)
   src/main/java/emissary/server/api/MetricsAction.java [1:1 - 17:14]

Clone found (java):
 - src/main/java/emissary/server/api/Env.java [12:4 - 23:4] (11 lines, 62 tokens)
   src/main/java/emissary/server/api/Version.java [15:4 - 22:7]

Clone found (java):
 - src/main/java/emissary/server/api/Directories.java [14:5 - 22:7] (8 lines, 67 tokens)
   src/main/java/emissary/server/api/Version.java [15:4 - 16:42]

Clone found (java):
 - src/main/java/emissary/server/api/Agents.java [19:13 - 32:4] (13 lines, 93 tokens)
   src/main/java/emissary/server/api/Version.java [15:4 - 28:4]

Clone found (java):
 - src/main/java/emissary/server/api/Agents.java [83:21 - 93:10] (10 lines, 83 tokens)
   src/main/java/emissary/server/api/Version.java [57:18 - 67:8]

Clone found (java):
 - src/main/java/emissary/place/sample/ToLowerPlace.java [1:1 - 16:5] (15 lines, 70 tokens)
   src/main/java/emissary/place/sample/ToUpperPlace.java [1:1 - 16:4]

Clone found (java):
 - src/main/java/emissary/place/sample/ToLowerPlace.java [44:9 - 58:12] (14 lines, 110 tokens)
   src/main/java/emissary/place/sample/ToUpperPlace.java [43:9 - 57:12]

Clone found (java):
 - src/main/java/emissary/place/sample/ToLowerPlace.java [59:12 - 74:13] (15 lines, 96 tokens)
   src/main/java/emissary/place/sample/ToUpperPlace.java [58:12 - 74:13]

Clone found (java):
 - src/main/java/emissary/output/filter/DataFilter.java [88:7 - 97:9] (9 lines, 94 tokens)
   src/main/java/emissary/output/filter/DataFilter.java [44:7 - 54:13]

Clone found (java):
 - src/main/java/emissary/output/filter/DataFilter.java [105:7 - 113:16] (8 lines, 106 tokens)
   src/main/java/emissary/output/filter/DataFilter.java [64:13 - 72:14]

Clone found (java):
 - src/main/java/emissary/output/filter/DataFilter.java [195:2 - 202:2] (7 lines, 83 tokens)
   src/main/java/emissary/output/filter/XmlOutputFilter.java [48:13 - 55:2]

Clone found (java):
 - src/main/java/emissary/core/channels/LoggingChannelFactory.java [191:2 - 205:2] (14 lines, 124 tokens)
   src/main/java/emissary/core/channels/LoggingInputStreamFactory.java [190:2 - 203:2]

Clone found (java):
 - src/main/java/emissary/core/channels/FileChannelFactory.java [3:9 - 11:5] (8 lines, 67 tokens)
   src/test/java/emissary/core/channels/LoggingChannelFactoryTest.java [11:14 - 20:7]

Clone found (java):
 - src/main/java/emissary/command/converter/WorkspaceSortModeConverter.java [77:2 - 88:32] (11 lines, 107 tokens)
   src/main/java/emissary/command/converter/WorkspaceSortModeConverter.java [52:2 - 63:30]

Clone found (java):
 - src/main/java/emissary/command/converter/WorkspaceSortModeConverter.java [102:2 - 112:44] (10 lines, 99 tokens)
   src/main/java/emissary/command/converter/WorkspaceSortModeConverter.java [52:2 - 62:57]

Clone found (java):
 - src/main/java/emissary/command/converter/WorkspaceSortModeConverter.java [127:2 - 138:2] (11 lines, 111 tokens)
   src/main/java/emissary/command/converter/WorkspaceSortModeConverter.java [52:2 - 113:2]

Clone found (java):
 - src/main/java/emissary/client/response/DirectoryList.java [1:1 - 15:14] (14 lines, 116 tokens)
   src/main/java/emissary/client/response/PlaceList.java [1:1 - 15:10]

Clone found (java):
 - src/main/java/emissary/client/response/ConfigsResponseEntity.java [1:1 - 11:10] (10 lines, 88 tokens)
   src/main/java/emissary/client/response/DirectoryResponseEntity.java [1:1 - 11:14]

Clone found (java):
 - src/main/java/emissary/client/response/AgentsResponseEntity.java [7:7 - 14:9] (7 lines, 70 tokens)
   src/main/java/emissary/client/response/PlacesResponseEntity.java [7:4 - 14:9]

Clone found (java):
 - src/main/java/emissary/client/response/AgentList.java [1:1 - 15:10] (14 lines, 116 tokens)
   src/main/java/emissary/client/response/PlaceList.java [1:1 - 15:10]

Clone found (java):
 - src/main/java/emissary/client/response/Agent.java [1:9 - 12:6] (11 lines, 94 tokens)
   src/main/java/emissary/client/response/Directory.java [3:15 - 14:10]

Clone found (javascript):
 - target/classes/public/js/lib/popper.min.js [1:1 - 6:39] (5 lines, 9073 tokens)
   target-eclipse/classes/public/js/lib/popper.min.js [1:1 - 6:39]

Clone found (javascript):
 - target/classes/public/js/lib/bootstrap.min.js [1:1 - 7:42] (6 lines, 20815 tokens)
   target-eclipse/classes/public/js/lib/bootstrap.min.js [1:1 - 7:42]

Clone found (java):
 - src/test/java/emissary/util/WindowedSeekableByteChannelTest.java [12:20 - 22:4] (10 lines, 89 tokens)
   src/test/java/emissary/core/channels/SeekableByteChannelHelperTest.java [22:5 - 15:6]

Clone found (java):
 - src/test/java/emissary/util/TypeEngineTest.java [5:18 - 12:11] (7 lines, 74 tokens)
   src/test/java/emissary/util/web/UrlTest.java [1:4 - 9:13]

Clone found (java):
 - src/test/java/emissary/util/ShortNameComparatorTest.java [6:16 - 17:24] (11 lines, 86 tokens)
   src/test/java/emissary/util/search/FastBoyerMooreTest.java [1:7 - 13:19]

Clone found (java):
 - src/test/java/emissary/util/PayloadUtilTest.java [83:20 - 89:21] (6 lines, 80 tokens)
   src/test/java/emissary/util/PayloadUtilTest.java [47:18 - 53:23]

Clone found (java):
 - src/test/java/emissary/util/PayloadUtilTest.java [162:10 - 169:10] (7 lines, 74 tokens)
   src/test/java/emissary/util/PayloadUtilTest.java [137:15 - 144:10]

Clone found (java):
 - src/test/java/emissary/util/LineTokenizerTest.java [64:8 - 72:13] (8 lines, 78 tokens)
   src/test/java/emissary/util/LineTokenizerTest.java [55:6 - 63:50]

Clone found (java):
 - src/test/java/emissary/util/LineTokenizerTest.java [87:26 - 94:10] (7 lines, 77 tokens)
   src/test/java/emissary/util/LineTokenizerTest.java [83:15 - 89:9]

Clone found (java):
 - src/test/java/emissary/util/DisposeHelperTest.java [4:16 - 10:6] (6 lines, 63 tokens)
   src/test/java/emissary/test/core/junit5/LogbackTester.java [1:7 - 7:7]

Clone found (java):
 - src/test/java/emissary/util/DisposeHelperTest.java [7:7 - 15:10] (8 lines, 87 tokens)
   src/test/java/emissary/client/response/AgentsListTest.java [4:14 - 12:10]

Clone found (java):
 - src/test/java/emissary/util/DisposeHelperTest.java [146:30 - 156:7] (10 lines, 121 tokens)
   src/test/java/emissary/util/DisposeHelperTest.java [127:26 - 137:6]

Clone found (java):
 - src/test/java/emissary/util/DateTimeFormatParserTest.java [14:2 - 28:2] (14 lines, 147 tokens)
   src/test/java/emissary/util/FlexibleDateTimeParserTest.java [16:2 - 30:23]

Clone found (java):
 - src/test/java/emissary/util/DateTimeFormatParserTest.java [376:9 - 386:21] (10 lines, 86 tokens)
   src/test/java/emissary/util/FlexibleDateTimeParserTest.java [405:9 - 414:23]

Clone found (java):
 - src/test/java/emissary/util/CharsetUtilTest.java [1:1 - 10:16] (9 lines, 73 tokens)
   src/test/java/emissary/util/EntropyTest.java [1:1 - 10:12]

Clone found (java):
 - src/test/java/emissary/transform/JavascriptEscapePlaceTest.java [1:1 - 11:26] (10 lines, 72 tokens)
   src/test/java/emissary/transform/JsonEscapePlaceTest.java [1:1 - 11:20]

Clone found (java):
 - src/test/java/emissary/roll/RollerTest.java [30:13 - 39:3] (9 lines, 74 tokens)
   src/test/java/emissary/roll/RollerTest.java [17:5 - 25:2]

Clone found (java):
 - src/test/java/emissary/roll/RollManagerTest.java [14:15 - 21:16] (7 lines, 68 tokens)
   src/test/java/emissary/roll/RollerTest.java [5:5 - 13:11]

Clone found (java):
 - src/test/java/emissary/pool/AgentPoolTest.java [1:5 - 10:6] (9 lines, 74 tokens)
   src/test/java/emissary/util/CharacterCounterSetTest.java [1:5 - 11:7]

Clone found (java):
 - src/test/java/emissary/place/UnixCommandPlaceTest.java [88:5 - 98:28] (10 lines, 89 tokens)
   src/test/java/emissary/place/UnixCommandPlaceTest.java [75:4 - 85:25]

Clone found (java):
 - src/test/java/emissary/place/ServiceProviderPlaceTest.java [319:7 - 327:2] (8 lines, 89 tokens)
   src/test/java/emissary/place/ServiceProviderPlaceTest.java [314:5 - 323:7]

Clone found (java):
 - src/test/java/emissary/place/ServiceProviderPlaceTest.java [478:13 - 484:14] (6 lines, 76 tokens)
   src/test/java/emissary/place/ServiceProviderPlaceTest.java [354:13 - 360:4]

Clone found (java):
 - src/test/java/emissary/place/MyFileConfigedTestPlace.java [24:24 - 38:2] (14 lines, 94 tokens)
   src/test/java/emissary/place/MyStreamConfigedTestPlace.java [24:26 - 38:2]

Clone found (java):
 - src/test/java/emissary/place/MultiFileUnixCommandPlaceTest.java [7:18 - 14:4] (7 lines, 70 tokens)
   src/test/java/emissary/util/io/ListOpenFilesTest.java [3:9 - 11:5]

Clone found (java):
 - src/test/java/emissary/place/MultiFileUnixCommandPlaceTest.java [8:10 - 14:7] (6 lines, 63 tokens)
   src/test/java/emissary/core/channels/LoggingChannelFactoryTest.java [6:13 - 11:14]

Clone found (java):
 - src/test/java/emissary/place/MultiFileUnixCommandPlaceTest.java [23:5 - 29:8] (6 lines, 75 tokens)
   src/test/java/emissary/place/UnixCommandPlaceTest.java [22:6 - 28:17]

Clone found (java):
 - src/test/java/emissary/place/MultiFileUnixCommandPlaceTest.java [109:56 - 118:57] (9 lines, 96 tokens)
   src/test/java/emissary/place/MultiFileUnixCommandPlaceTest.java [91:51 - 100:34]

Clone found (java):
 - src/test/java/emissary/place/MultiFileUnixCommandPlaceTest.java [155:2 - 171:18] (16 lines, 126 tokens)
   src/test/java/emissary/place/UnixCommandPlaceTest.java [152:2 - 167:20]

Clone found (java):
 - src/test/java/emissary/place/MultiFileServerPlaceTest.java [15:10 - 22:7] (7 lines, 80 tokens)
   src/test/java/emissary/util/ByteUtilTest.java [5:5 - 14:6]

Clone found (java):
 - src/test/java/emissary/place/MainTest.java [11:8 - 19:3] (8 lines, 79 tokens)
   src/test/java/emissary/output/roller/journal/JournaledChannelTest.java [5:8 - 16:4]

Clone found (java):
 - src/test/java/emissary/place/KffHashPlaceTest.java [5:21 - 15:4] (10 lines, 65 tokens)
   src/test/java/emissary/util/EntropyTest.java [1:5 - 10:6]

Clone found (java):
 - src/test/java/emissary/place/FTestSkippingCoordinationPlace.java [13:6 - 20:4] (7 lines, 66 tokens)
   src/test/java/emissary/place/MultiFileServerPlaceTest.java [7:15 - 15:10]

Clone found (java):
 - src/test/java/emissary/place/FTestCoordinatePlace.java [1:1 - 9:5] (8 lines, 66 tokens)
   src/test/java/emissary/place/FTestSkippingCoordinationPlace.java [1:1 - 9:6]

Clone found (java):
 - src/test/java/emissary/place/FTestCoordinatePlace.java [8:16 - 17:12] (9 lines, 84 tokens)
   src/test/java/emissary/place/FTestSkippingCoordinationPlace.java [9:13 - 18:12]

Clone found (java):
 - src/test/java/emissary/place/FTestCoordinatePlace.java [15:5 - 26:21] (11 lines, 108 tokens)
   src/test/java/emissary/place/FTestSkippingCoordinationPlace.java [18:12 - 28:31]

Clone found (java):
 - src/test/java/emissary/place/FTestCoordinatePlace.java [37:18 - 70:11] (33 lines, 313 tokens)
   src/test/java/emissary/place/FTestSkippingCoordinationPlace.java [38:25 - 70:12]

Clone found (java):
 - src/test/java/emissary/pickup/WorkUnitTest.java [5:5 - 12:13] (7 lines, 74 tokens)
   src/test/java/emissary/util/ByteUtilTest.java [7:5 - 14:13]

Clone found (java):
 - src/test/java/emissary/pickup/WorkSpaceTest.java [7:11 - 14:11] (7 lines, 66 tokens)
   src/test/java/emissary/util/search/FastBoyerMooreTest.java [3:9 - 11:5]

Clone found (java):
 - src/test/java/emissary/pickup/WorkSpaceTest.java [105:40 - 117:2] (12 lines, 201 tokens)
   src/test/java/emissary/pickup/WorkSpaceTest.java [69:24 - 81:2]

Clone found (java):
 - src/test/java/emissary/pickup/WorkSpaceTest.java [142:5 - 152:2] (10 lines, 168 tokens)
   src/test/java/emissary/pickup/WorkSpaceTest.java [70:5 - 80:2]

Clone found (java):
 - src/test/java/emissary/pickup/WorkSpaceTest.java [177:42 - 189:2] (12 lines, 201 tokens)
   src/test/java/emissary/pickup/WorkSpaceTest.java [141:26 - 153:2]

Clone found (java):
 - src/test/java/emissary/pickup/WorkSpaceTest.java [194:9 - 199:51] (5 lines, 86 tokens)
   src/test/java/emissary/pickup/WorkSpaceTest.java [123:9 - 128:54]

Clone found (java):
 - src/test/java/emissary/pickup/WorkSpaceTest.java [248:42 - 260:2] (12 lines, 201 tokens)
   src/test/java/emissary/pickup/WorkSpaceTest.java [212:26 - 224:2]

Clone found (java):
 - src/test/java/emissary/pickup/WorkSpaceTest.java [259:2 - 270:51] (11 lines, 113 tokens)
   src/test/java/emissary/pickup/WorkSpaceTest.java [188:2 - 128:54]

Clone found (java):
 - src/test/java/emissary/pickup/WorkSpaceTest.java [284:5 - 295:36] (11 lines, 182 tokens)
   src/test/java/emissary/pickup/WorkSpaceTest.java [213:5 - 224:50]

Clone found (java):
 - src/test/java/emissary/pickup/WorkSpaceTest.java [319:41 - 349:6] (30 lines, 339 tokens)
   src/test/java/emissary/pickup/WorkSpaceTest.java [283:25 - 281:8]

Clone found (java):
 - src/test/java/emissary/pickup/WorkBundleTest.java [18:13 - 23:7] (5 lines, 70 tokens)
   src/test/java/emissary/output/roller/JournaledCoalescerTest.java [39:12 - 45:6]

Clone found (java):
 - src/test/java/emissary/pickup/WorkBundleTest.java [19:16 - 25:6] (6 lines, 71 tokens)
   src/test/java/emissary/place/MainTest.java [30:12 - 36:6]

Clone found (java):
 - src/test/java/emissary/pickup/WorkBundleTest.java [176:22 - 192:5] (16 lines, 176 tokens)
   src/test/java/emissary/pickup/WorkBundleTest.java [141:2 - 157:2]

Clone found (java):
 - src/test/java/emissary/pickup/WorkBundleTest.java [193:25 - 205:28] (12 lines, 153 tokens)
   src/test/java/emissary/pickup/WorkBundleTest.java [159:28 - 171:30]

Clone found (java):
 - src/test/java/emissary/pickup/WorkBundleTest.java [208:12 - 224:2] (16 lines, 174 tokens)
   src/test/java/emissary/pickup/WorkBundleTest.java [141:2 - 157:13]

Clone found (java):
 - src/test/java/emissary/pickup/WorkBundleTest.java [289:9 - 296:11] (7 lines, 89 tokens)
   src/test/java/emissary/pickup/WorkBundleTest.java [268:9 - 275:30]

Clone found (java):
 - src/test/java/emissary/pickup/QueServerTest.java [5:11 - 13:11] (8 lines, 75 tokens)
   src/test/java/emissary/place/RehashingPlaceTest.java [7:9 - 16:16]

Clone found (java):
 - src/test/java/emissary/pickup/PickupQueueTest.java [1:7 - 9:12] (8 lines, 75 tokens)
   src/test/java/emissary/util/web/UrlTest.java [1:4 - 9:13]

Clone found (java):
 - src/test/java/emissary/pickup/PickupQueueTest.java [6:5 - 13:16] (7 lines, 74 tokens)
   src/test/java/emissary/util/ByteUtilTest.java [7:5 - 14:13]

Clone found (java):
 - src/test/java/emissary/pickup/PickupQueueTest.java [22:2 - 34:11] (12 lines, 131 tokens)
   src/test/java/emissary/pickup/QueServerTest.java [31:3 - 43:21]

Clone found (java):
 - src/test/java/emissary/pickup/PickUpPlaceTest.java [6:15 - 14:16] (8 lines, 67 tokens)
   src/test/java/emissary/util/EntropyTest.java [1:5 - 10:12]

Clone found (java):
 - src/test/java/emissary/pickup/FTestWorkSpaceMaxBundleSize.java [7:15 - 16:5] (9 lines, 78 tokens)
   src/test/java/emissary/pickup/file/FTestSpacePlaceInteraction.java [10:15 - 19:3]

Clone found (java):
 - src/test/java/emissary/pickup/FTestWorkSpaceMaxBundleSize.java [127:2 - 142:13] (15 lines, 92 tokens)
   src/test/java/emissary/pickup/file/FTestSpacePlaceInteraction.java [120:21 - 134:22]

Clone found (java):
 - src/test/java/emissary/pickup/FTestWorkSpaceMaxBundleSize.java [172:5 - 181:18] (9 lines, 110 tokens)
   src/test/java/emissary/pickup/FTestWorkSpaceMaxBundleSize.java [146:4 - 154:6]

Clone found (java):
 - src/test/java/emissary/pickup/FTestMultipleWorkSpaces.java [9:10 - 21:12] (12 lines, 111 tokens)
   src/test/java/emissary/pickup/file/FTestSpacePlaceInteraction.java [12:10 - 20:11]

Clone found (java):
 - src/test/java/emissary/pickup/FTestMultipleWorkSpaces.java [16:17 - 22:11] (6 lines, 69 tokens)
   src/test/java/emissary/place/MultiFileServerPlaceTest.java [14:12 - 20:11]

Clone found (java):
 - src/test/java/emissary/pickup/FTestMultipleWorkSpaces.java [37:9 - 51:27] (14 lines, 99 tokens)
   src/test/java/emissary/pickup/FTestWorkSpaceMaxBundleSize.java [29:9 - 42:17]

Clone found (java):
 - src/test/java/emissary/pickup/FTestMultipleWorkSpaces.java [54:28 - 72:17] (18 lines, 177 tokens)
   src/test/java/emissary/pickup/FTestWorkSpaceMaxBundleSize.java [45:18 - 63:5]

Clone found (java):
 - src/test/java/emissary/pickup/FTestMultipleWorkSpaces.java [70:2 - 79:8] (9 lines, 83 tokens)
   src/test/java/emissary/pickup/file/FTestSpacePlaceInteraction.java [54:10 - 63:15]

Clone found (java):
 - src/test/java/emissary/pickup/FTestFailedPickupClient.java [5:16 - 22:24] (17 lines, 158 tokens)
   src/test/java/emissary/pickup/FTestMultipleWorkSpaces.java [7:17 - 24:24]

Clone found (java):
 - src/test/java/emissary/pickup/FTestFailedPickupClient.java [35:2 - 49:9] (14 lines, 90 tokens)
   src/test/java/emissary/pickup/file/FTestSpacePlaceInteraction.java [34:8 - 48:5]

Clone found (java):
 - src/test/java/emissary/pickup/FTestFailedPickupClient.java [62:2 - 71:31] (9 lines, 90 tokens)
   src/test/java/emissary/pickup/FTestMultipleWorkSpaces.java [70:2 - 63:15]

Clone found (java):
 - src/test/java/emissary/pickup/FTestFailedPickupClient.java [220:8 - 233:10] (13 lines, 124 tokens)
   src/test/java/emissary/pickup/FTestMultipleWorkSpaces.java [239:7 - 252:6]

Clone found (java):
 - src/test/java/emissary/pickup/FTestFailedPickupClient.java [236:3 - 242:18] (6 lines, 81 tokens)
   src/test/java/emissary/pickup/FTestMultipleWorkSpaces.java [258:4 - 264:22]

Clone found (java):
 - src/test/java/emissary/parser/SimpleParserTest.java [10:11 - 18:14] (8 lines, 87 tokens)
   src/test/java/emissary/output/filter/JsonOutputFilterTest.java [19:7 - 27:11]

Clone found (java):
 - src/test/java/emissary/parser/SimpleParserTest.java [14:4 - 22:18] (8 lines, 89 tokens)
   src/test/java/emissary/test/core/junit5/ExtractionTest.java [35:18 - 34:7]

Clone found (java):
 - src/test/java/emissary/parser/SimpleNioParserTest.java [1:7 - 9:12] (8 lines, 63 tokens)
   src/test/java/emissary/place/ServiceProviderPlaceTest.java [9:15 - 16:21]

Clone found (java):
 - src/test/java/emissary/parser/SimpleNioParserTest.java [15:7 - 20:11] (5 lines, 68 tokens)
   src/test/java/emissary/test/core/junit5/TestExtractionTest.java [18:23 - 23:5]

Clone found (java):
 - src/test/java/emissary/parser/SimpleNioParserTest.java [17:13 - 23:20] (6 lines, 73 tokens)
   src/test/java/emissary/place/MainTest.java [30:12 - 25:15]

Clone found (java):
 - src/test/java/emissary/parser/SessionProducerTest.java [4:9 - 12:18] (8 lines, 69 tokens)
   src/test/java/emissary/transform/decode/HtmlEscapeTest.java [4:20 - 12:6]

Clone found (java):
 - src/test/java/emissary/parser/InputSessionTest.java [5:10 - 12:13] (7 lines, 66 tokens)
   src/test/java/emissary/util/search/FastBoyerMooreTest.java [3:9 - 11:5]

Clone found (java):
 - src/test/java/emissary/parser/DecomposedSessionTest.java [10:7 - 18:14] (8 lines, 95 tokens)
   src/test/java/emissary/output/filter/JsonOutputFilterTest.java [20:12 - 40:11]

Clone found (java):
 - src/test/java/emissary/parser/DataByteArraySlicerTest.java [1:7 - 11:11] (10 lines, 81 tokens)
   src/test/java/emissary/util/search/FastBoyerMooreTest.java [1:7 - 11:5]

Clone found (java):
 - src/test/java/emissary/parser/DataByteArraySlicerTest.java [16:9 - 23:5] (7 lines, 127 tokens)
   src/test/java/emissary/parser/DataByteBufferSlicerTest.java [26:9 - 33:11]

Clone found (java):
 - src/test/java/emissary/output/DropOffUtilTest.java [26:18 - 31:11] (5 lines, 84 tokens)
   src/test/java/emissary/output/roller/JournaledCoalescerTest.java [37:12 - 42:13]

Clone found (java):
 - src/test/java/emissary/output/DropOffUtilTest.java [171:2 - 184:2] (13 lines, 141 tokens)
   src/test/java/emissary/output/DropOffUtilTest.java [152:12 - 166:45]

Clone found (java):
 - src/test/java/emissary/output/DropOffUtilTest.java [189:9 - 205:14] (16 lines, 177 tokens)
   src/test/java/emissary/output/DropOffUtilTest.java [84:9 - 100:10]

Clone found (java):
 - src/test/java/emissary/output/DropOffUtilTest.java [205:8 - 215:14] (10 lines, 105 tokens)
   src/test/java/emissary/output/DropOffUtilTest.java [100:4 - 110:10]

Clone found (java):
 - src/test/java/emissary/output/DropOffUtilTest.java [216:67 - 231:14] (15 lines, 157 tokens)
   src/test/java/emissary/output/DropOffUtilTest.java [110:4 - 125:10]

Clone found (java):
 - src/test/java/emissary/output/DropOffUtilTest.java [231:8 - 247:14] (16 lines, 146 tokens)
   src/test/java/emissary/output/DropOffUtilTest.java [125:4 - 141:10]

Clone found (java):
 - src/test/java/emissary/output/DropOffUtilTest.java [247:8 - 266:14] (19 lines, 155 tokens)
   src/test/java/emissary/output/DropOffUtilTest.java [141:4 - 160:10]

Clone found (java):
 - src/test/java/emissary/output/DropOffUtilTest.java [266:8 - 290:2] (24 lines, 222 tokens)
   src/test/java/emissary/output/DropOffUtilTest.java [160:4 - 272:45]

Clone found (java):
 - src/test/java/emissary/output/DropOffUtilTest.java [298:2 - 307:7] (9 lines, 108 tokens)
   src/test/java/emissary/output/DropOffUtilTest.java [116:9 - 125:3]

Clone found (java):
 - src/test/java/emissary/output/DropOffUtilTest.java [316:9 - 327:7] (11 lines, 104 tokens)
   src/test/java/emissary/output/DropOffUtilTest.java [149:9 - 160:3]

Clone found (java):
 - src/test/java/emissary/output/DropOffUtilTest.java [333:9 - 346:2] (13 lines, 128 tokens)
   src/test/java/emissary/output/DropOffUtilTest.java [169:9 - 331:43]

Clone found (java):
 - src/test/java/emissary/output/DropOffPlaceTest.java [8:9 - 14:4] (6 lines, 61 tokens)
   src/test/java/emissary/client/response/AgentsListTest.java [1:9 - 7:4]

Clone found (java):
 - src/test/java/emissary/output/DropOffPlaceTest.java [14:24 - 22:5] (8 lines, 81 tokens)
   src/test/java/emissary/core/channels/LoggingChannelFactoryTest.java [6:13 - 14:11]

Clone found (java):
 - src/test/java/emissary/output/DropOffPlaceTest.java [21:12 - 27:5] (6 lines, 63 tokens)
   src/test/java/emissary/util/io/UnitTestFileUtils.java [4:16 - 10:5]

Clone found (java):
 - src/test/java/emissary/output/DropOffPlaceTest.java [32:5 - 39:17] (7 lines, 66 tokens)
   src/test/java/emissary/util/CaseInsensitiveMapTest.java [7:8 - 14:23]

Clone found (java):
 - src/test/java/emissary/output/DropOffPlaceTest.java [140:13 - 152:23] (12 lines, 115 tokens)
   src/test/java/emissary/output/DropOffPlaceTest.java [107:13 - 120:41]

Clone found (java):
 - src/test/java/emissary/output/DropOffPlaceTest.java [178:5 - 193:2] (15 lines, 138 tokens)
   src/test/java/emissary/util/io/UnitTestFileUtils.java [17:5 - 33:7]

Clone found (java):
 - src/test/java/emissary/kff/KffMemcachedTest.java [29:9 - 35:7] (6 lines, 71 tokens)
   src/test/java/emissary/util/search/KeywordScannerTest.java [8:28 - 15:6]

Clone found (java):
 - src/test/java/emissary/kff/KffDataObjectHandlerTest.java [5:9 - 11:4] (6 lines, 61 tokens)
   src/test/java/emissary/test/core/junit5/IdentificationTest.java [6:22 - 12:7]

Clone found (java):
 - src/test/java/emissary/kff/KffDataObjectHandlerTest.java [8:8 - 17:4] (9 lines, 74 tokens)
   src/test/java/emissary/place/MultiFileServerPlaceTest.java [7:15 - 22:9]

Clone found (java):
 - src/test/java/emissary/kff/KffDataObjectHandlerTest.java [17:18 - 22:7] (5 lines, 70 tokens)
   src/test/java/emissary/core/channels/LoggingInputStreamFactoryTest.java [15:12 - 25:6]

Clone found (java):
 - src/test/java/emissary/kff/KffDataObjectHandlerTest.java [18:13 - 24:6] (6 lines, 71 tokens)
   src/test/java/emissary/test/core/junit5/ExtractionTest.java [38:12 - 44:7]

Clone found (java):
 - src/test/java/emissary/kff/KffChainTest.java [10:4 - 15:5] (5 lines, 68 tokens)
   src/test/java/emissary/test/core/junit5/ExtractionTest.java [35:18 - 40:11]

Clone found (java):
 - src/test/java/emissary/kff/KffChainTest.java [51:7 - 68:35] (17 lines, 186 tokens)
   src/test/java/emissary/kff/KffChainTest.java [26:10 - 45:35]

Clone found (java):
 - src/test/java/emissary/kff/KffChainTest.java [68:35 - 77:13] (9 lines, 94 tokens)
   src/test/java/emissary/kff/KffChainTest.java [45:35 - 53:4]

Clone found (java):
 - src/test/java/emissary/kff/KffChainTest.java [80:15 - 87:13] (7 lines, 97 tokens)
   src/test/java/emissary/kff/KffChainTest.java [32:18 - 39:2]

Clone found (java):
 - src/test/java/emissary/kff/ChecksumCalculatorTest.java [4:27 - 13:18] (9 lines, 72 tokens)
   src/test/java/emissary/kff/ChecksumResultsTest.java [1:4 - 11:13]

Clone found (java):
 - src/test/java/emissary/kff/ChecksumCalculatorTest.java [11:4 - 16:16] (5 lines, 68 tokens)
   src/test/java/emissary/core/channels/SeekableByteChannelHelperTest.java [22:5 - 27:13]

Clone found (java):
 - src/test/java/emissary/kff/ChecksumCalculatorTest.java [13:18 - 18:11] (5 lines, 84 tokens)
   src/test/java/emissary/output/roller/JournaledCoalescerTest.java [37:12 - 42:13]

Clone found (java):
 - src/test/java/emissary/kff/ChecksumCalculatorTest.java [117:35 - 128:39] (11 lines, 91 tokens)
   src/test/java/emissary/kff/ChecksumCalculatorTest.java [79:43 - 89:30]

Clone found (java):
 - src/test/java/emissary/id/SizeIdPlaceTest.java [4:16 - 13:7] (9 lines, 68 tokens)
   src/test/java/emissary/place/ServiceProviderPlaceTest.java [9:15 - 10:5]

Clone found (java):
 - src/test/java/emissary/id/IdPlaceTest.java [5:18 - 16:12] (11 lines, 86 tokens)
   src/test/java/emissary/place/ServiceProviderPlaceTest.java [9:15 - 15:16]

Clone found (java):
 - src/test/java/emissary/directory/WildcardEntryTest.java [5:5 - 12:11] (7 lines, 70 tokens)
   src/test/java/emissary/kff/ChecksumResultsTest.java [7:25 - 13:5]

Clone found (java):
 - src/test/java/emissary/directory/WildcardEntryTest.java [50:4 - 62:15] (12 lines, 124 tokens)
   src/test/java/emissary/directory/WildcardEntryTest.java [36:8 - 48:29]

Clone found (java):
 - src/test/java/emissary/directory/WildcardEntryTest.java [64:13 - 76:28] (12 lines, 127 tokens)
   src/test/java/emissary/directory/WildcardEntryTest.java [36:12 - 48:29]

Clone found (java):
 - src/test/java/emissary/directory/WildcardEntryTest.java [78:9 - 90:20] (12 lines, 127 tokens)
   src/test/java/emissary/directory/WildcardEntryTest.java [50:8 - 48:29]

Clone found (java):
 - src/test/java/emissary/directory/WildcardEntryTest.java [92:16 - 104:15] (12 lines, 127 tokens)
   src/test/java/emissary/directory/WildcardEntryTest.java [36:12 - 48:29]

Clone found (java):
 - src/test/java/emissary/directory/WildcardEntryTest.java [106:19 - 119:31] (13 lines, 131 tokens)
   src/test/java/emissary/directory/WildcardEntryTest.java [36:16 - 48:29]

Clone found (java):
 - src/test/java/emissary/directory/WildcardEntryTest.java [121:32 - 131:2] (10 lines, 129 tokens)
   src/test/java/emissary/directory/WildcardEntryTest.java [106:26 - 47:6]

Clone found (java):
 - src/test/java/emissary/directory/RoutingAlgorithmTest.java [8:11 - 17:5] (9 lines, 80 tokens)
   src/test/java/emissary/place/MultiFileServerPlaceTest.java [5:16 - 14:3]

Clone found (java):
 - src/test/java/emissary/directory/RoutingAlgorithmTest.java [12:10 - 21:7] (9 lines, 74 tokens)
   src/test/java/emissary/place/ServiceProviderPlaceGetTLDTest.java [9:9 - 20:6]

Clone found (java):
 - src/test/java/emissary/directory/RoutingAlgorithmTest.java [17:10 - 24:6] (7 lines, 64 tokens)
   src/test/java/emissary/place/MultiFileUnixCommandPlaceTest.java [22:5 - 28:7]

Clone found (java):
 - src/test/java/emissary/directory/RoutingAlgorithmTest.java [228:3 - 237:30] (9 lines, 110 tokens)
   src/test/java/emissary/directory/RoutingAlgorithmTest.java [216:10 - 225:51]

Clone found (java):
 - src/test/java/emissary/directory/RoutingAlgorithmTest.java [303:6 - 308:14] (5 lines, 68 tokens)
   src/test/java/emissary/directory/RoutingAlgorithmTest.java [204:6 - 209:11]

Clone found (java):
 - src/test/java/emissary/directory/RoutingAlgorithmTest.java [315:48 - 326:64] (11 lines, 135 tokens)
   src/test/java/emissary/directory/RoutingAlgorithmTest.java [297:50 - 209:53]

Clone found (java):
 - src/test/java/emissary/directory/RoutingAlgorithmTest.java [330:58 - 337:6] (7 lines, 75 tokens)
   src/test/java/emissary/directory/RoutingAlgorithmTest.java [295:74 - 302:6]

Clone found (java):
 - src/test/java/emissary/directory/RoutingAlgorithmTest.java [333:48 - 348:21] (15 lines, 153 tokens)
   src/test/java/emissary/directory/RoutingAlgorithmTest.java [199:50 - 313:44]

Clone found (java):
 - src/test/java/emissary/directory/KeyManipulatorTest.java [4:9 - 10:11] (6 lines, 65 tokens)
   src/test/java/emissary/pickup/PickupQueueTest.java [5:11 - 10:11]

Clone found (java):
 - src/test/java/emissary/directory/DirectoryPlaceTest.java [7:22 - 18:8] (11 lines, 100 tokens)
   src/test/java/emissary/place/MultiFileServerPlaceTest.java [5:16 - 16:5]

Clone found (java):
 - src/test/java/emissary/directory/DirectoryPlaceTest.java [18:8 - 24:11] (6 lines, 69 tokens)
   src/test/java/emissary/place/ServiceProviderPlaceTest.java [22:6 - 28:11]

Clone found (java):
 - src/test/java/emissary/directory/DirectoryPlaceTest.java [19:5 - 25:7] (6 lines, 63 tokens)
   src/test/java/emissary/directory/WildcardEntryTest.java [7:9 - 14:6]

Clone found (java):
 - src/test/java/emissary/directory/DirectoryEntryTest.java [9:10 - 15:14] (6 lines, 77 tokens)
   src/test/java/emissary/pickup/PickupQueueTest.java [3:9 - 10:11]

Clone found (java):
 - src/test/java/emissary/directory/DirectoryEntryTest.java [11:5 - 19:6] (8 lines, 89 tokens)
   src/test/java/emissary/test/core/junit5/ExtractionTest.java [35:18 - 42:7]

Clone found (java):
 - src/test/java/emissary/directory/DirectoryEntryTest.java [129:54 - 137:2] (8 lines, 156 tokens)
   src/test/java/emissary/directory/DirectoryEntryTest.java [119:48 - 128:37]

Clone found (java):
 - src/test/java/emissary/directory/DirectoryEntryMapTest.java [1:10 - 9:5] (8 lines, 63 tokens)
   src/test/java/emissary/pickup/WorkSpaceTest.java [3:12 - 10:10]

Clone found (java):
 - src/test/java/emissary/directory/DirectoryEntryMapTest.java [7:5 - 14:6] (7 lines, 70 tokens)
   src/test/java/emissary/place/MultiFileUnixCommandPlaceTest.java [22:5 - 28:8]

Clone found (java):
 - src/test/java/emissary/directory/DirectoryEntryMapTest.java [9:5 - 16:22] (7 lines, 74 tokens)
   src/test/java/emissary/core/channels/LoggingInputStreamFactoryTest.java [15:12 - 25:26]

Clone found (java):
 - src/test/java/emissary/directory/DirectoryEntryMapTest.java [118:2 - 132:19] (14 lines, 142 tokens)
   src/test/java/emissary/directory/DirectoryEntryMapTest.java [90:4 - 103:22]

Clone found (java):
 - src/test/java/emissary/directory/DirectoryEntryListTest.java [8:14 - 17:14] (9 lines, 92 tokens)
   src/test/java/emissary/pickup/WorkSpaceTest.java [4:9 - 11:5]

Clone found (java):
 - src/test/java/emissary/directory/DirectoryEntryListTest.java [11:5 - 18:11] (7 lines, 70 tokens)
   src/test/java/emissary/directory/RoutingAlgorithmTest.java [16:12 - 22:11]

Clone found (java):
 - src/test/java/emissary/core/StageTest.java [7:7 - 15:10] (8 lines, 83 tokens)
   src/test/java/emissary/util/ByteUtilTest.java [5:5 - 14:13]

Clone found (java):
 - src/test/java/emissary/core/NamespaceTest.java [5:10 - 10:13] (5 lines, 64 tokens)
   src/test/java/emissary/pickup/PickupQueueTest.java [5:11 - 10:11]

Clone found (java):
 - src/test/java/emissary/core/NamespaceTest.java [6:5 - 12:6] (6 lines, 77 tokens)
   src/test/java/emissary/util/search/KeywordScannerTest.java [8:28 - 35:8]

Clone found (java):
 - src/test/java/emissary/core/MobileAgentTest.java [7:22 - 17:5] (10 lines, 87 tokens)
   src/test/java/emissary/place/ServiceProviderPlaceTest.java [9:15 - 19:3]

Clone found (java):
 - src/test/java/emissary/core/MetadataDictionaryTest.java [4:13 - 12:7] (8 lines, 81 tokens)
   src/test/java/emissary/parser/SessionProducerTest.java [3:16 - 12:6]

Clone found (java):
 - src/test/java/emissary/core/MetadataDictionaryTest.java [7:5 - 12:5] (5 lines, 68 tokens)
   src/test/java/emissary/core/channels/LoggingInputStreamFactoryTest.java [15:12 - 20:13]

Clone found (java):
 - src/test/java/emissary/core/IBaseDataObjectHelperTest.java [27:7 - 34:14] (7 lines, 102 tokens)
   src/test/java/emissary/core/channels/SeekableByteChannelHelperTest.java [22:5 - 42:13]

Clone found (java):
 - src/test/java/emissary/core/IBaseDataObjectHelperTest.java [32:16 - 37:13] (5 lines, 84 tokens)
   src/test/java/emissary/parser/DecomposedSessionTest.java [16:12 - 21:11]

Clone found (java):
 - src/test/java/emissary/core/IBaseDataObjectHelperTest.java [35:11 - 40:7] (5 lines, 70 tokens)
   src/test/java/emissary/place/ServiceProviderPlaceTest.java [27:14 - 33:6]

Clone found (java):
 - src/test/java/emissary/core/IBaseDataObjectDiffHelperTest.java [5:27 - 12:12] (7 lines, 64 tokens)
   src/test/java/emissary/util/PlaceComparisonHelperTest.java [8:21 - 15:21]

Clone found (java):
 - src/test/java/emissary/core/FactoryTest.java [5:10 - 11:7] (6 lines, 63 tokens)
   src/test/java/emissary/kff/KffQuincyFileTest.java [4:15 - 12:6]

Clone found (java):
 - src/test/java/emissary/core/FactoryTest.java [9:19 - 16:12] (7 lines, 90 tokens)
   src/test/java/emissary/test/core/junit5/TestExtractionTest.java [18:23 - 25:15]

Clone found (java):
 - src/test/java/emissary/core/FTestMovingAgent.java [23:5 - 29:17] (6 lines, 73 tokens)
   src/test/java/emissary/server/mvc/EmissaryMvcTest.java [16:9 - 27:27]

Clone found (java):
 - src/test/java/emissary/core/FTestMobileAgent.java [7:15 - 17:7] (10 lines, 73 tokens)
   src/test/java/emissary/place/UnixCommandPlaceTest.java [9:8 - 17:5]

Clone found (java):
 - src/test/java/emissary/core/FTestMobileAgent.java [69:5 - 80:7] (11 lines, 106 tokens)
   src/test/java/emissary/core/FTestMobileAgent.java [54:43 - 64:6]

Clone found (java):
 - src/test/java/emissary/core/DataObjectFactoryTest.java [1:1 - 9:13] (8 lines, 76 tokens)
   src/test/java/emissary/core/FactoryTest.java [1:1 - 9:19]

Clone found (java):
 - src/test/java/emissary/core/DataObjectFactoryTest.java [3:9 - 10:14] (7 lines, 74 tokens)
   src/test/java/emissary/directory/DirectoryEntryTest.java [8:14 - 14:12]

Clone found (java):
 - src/test/java/emissary/core/DataObjectFactoryTest.java [6:11 - 11:11] (5 lines, 64 tokens)
   src/test/java/emissary/transform/decode/HtmlEscapeTest.java [4:20 - 10:11]

Clone found (java):
 - src/test/java/emissary/core/DataObjectFactoryTest.java [7:5 - 12:11] (5 lines, 68 tokens)
   src/test/java/emissary/place/ServiceProviderPlaceTest.java [24:4 - 29:13]

Clone found (java):
 - src/test/java/emissary/core/BaseDataWithRemappingTest.java [13:4 - 20:26] (7 lines, 74 tokens)
   src/test/java/emissary/core/channels/LoggingInputStreamFactoryTest.java [15:12 - 25:26]

Clone found (java):
 - src/test/java/emissary/config/ServiceConfigGuideTest.java [13:21 - 20:4] (7 lines, 64 tokens)
   src/test/java/emissary/place/MultiFileUnixCommandPlaceTest.java [15:14 - 23:5]

Clone found (java):
 - src/test/java/emissary/config/ServiceConfigGuideTest.java [14:5 - 21:10] (7 lines, 68 tokens)
   src/test/java/emissary/place/ServiceProviderPlaceTest.java [16:21 - 23:5]

Clone found (java):
 - src/test/java/emissary/config/ServiceConfigGuideTest.java [25:7 - 33:7] (8 lines, 105 tokens)
   src/test/java/emissary/test/core/junit5/ExtractionTest.java [35:18 - 18:6]

Clone found (java):
 - src/test/java/emissary/config/ServiceConfigGuideTest.java [267:5 - 273:7] (6 lines, 94 tokens)
   src/test/java/emissary/config/ServiceConfigGuideTest.java [257:7 - 263:7]

Clone found (java):
 - src/test/java/emissary/config/ServiceConfigGuideTest.java [554:51 - 559:35] (5 lines, 89 tokens)
   src/test/java/emissary/config/ServiceConfigGuideTest.java [518:36 - 523:19]

Clone found (java):
 - src/test/java/emissary/config/FTestServiceConfigGuide.java [4:15 - 13:4] (9 lines, 78 tokens)
   src/test/java/emissary/test/core/junit5/IdentificationTest.java [11:11 - 19:3]

Clone found (java):
 - src/test/java/emissary/config/ConfigUtilTest.java [10:10 - 18:3] (8 lines, 79 tokens)
   src/test/java/emissary/core/channels/LoggingChannelFactoryTest.java [6:13 - 14:4]

Clone found (java):
 - src/test/java/emissary/config/ConfigUtilTest.java [27:20 - 35:15] (8 lines, 107 tokens)
   src/test/java/emissary/core/channels/LoggingInputStreamFactoryTest.java [15:12 - 35:23]

Clone found (java):
 - src/test/java/emissary/config/ConfigUtilTest.java [328:9 - 336:7] (8 lines, 104 tokens)
   src/test/java/emissary/config/ConfigUtilTest.java [199:9 - 208:9]

Clone found (java):
 - src/test/java/emissary/config/ConfigUtilTest.java [437:14 - 448:36] (11 lines, 91 tokens)
   src/test/java/emissary/config/ConfigUtilTest.java [418:13 - 429:46]

Clone found (java):
 - src/test/java/emissary/config/ConfigUtilTest.java [598:6 - 606:43] (8 lines, 82 tokens)
   src/test/java/emissary/config/ConfigUtilTest.java [482:4 - 490:10]

Clone found (java):
 - src/test/java/emissary/config/ConfigUtilTest.java [632:6 - 646:8] (14 lines, 109 tokens)
   src/test/java/emissary/config/ServiceConfigGuideTest.java [503:8 - 517:6]

Clone found (java):
 - src/test/java/emissary/command/WhatCommandIT.java [5:18 - 11:10] (6 lines, 65 tokens)
   src/test/java/emissary/output/filter/XmlOutputFilterTest.java [6:9 - 12:3]

Clone found (java):
 - src/test/java/emissary/command/RunCommandIT.java [1:8 - 9:22] (8 lines, 63 tokens)
   src/test/java/emissary/place/ServiceProviderPlaceTest.java [9:15 - 16:21]

Clone found (java):
 - src/test/java/emissary/command/FeedCommandIT.java [1:1 - 17:8] (16 lines, 184 tokens)
   src/test/java/emissary/command/WhatCommandIT.java [1:1 - 18:5]

Clone found (java):
 - src/test/java/emissary/command/FeedCommandIT.java [27:7 - 32:11] (5 lines, 68 tokens)
   src/test/java/emissary/core/channels/InputStreamChannelFactoryTest.java [11:17 - 16:13]

Clone found (java):
 - src/test/java/emissary/command/FeedCommandIT.java [115:9 - 128:11] (13 lines, 113 tokens)
   src/test/java/emissary/command/WhatCommandIT.java [70:24 - 83:23]

Clone found (java):
 - src/test/java/emissary/command/FeedCommandIT.java [129:7 - 137:11] (8 lines, 74 tokens)
   src/test/java/emissary/command/WhatCommandIT.java [84:20 - 92:23]

Clone found (java):
 - src/test/java/emissary/client/EmissaryClientTest.java [10:7 - 18:4] (8 lines, 67 tokens)
   src/test/java/emissary/config/ConfigUtilTest.java [14:8 - 22:5]

Clone found (java):
 - src/main/java/emissary/util/MagicNumberUtil.java [4:19 - 14:5] (10 lines, 71 tokens)
   src/main/java/emissary/util/UnixFile.java [3:5 - 13:6]

Clone found (java):
 - src/main/java/emissary/util/CaseInsensitiveMap.java [94:12 - 104:12] (10 lines, 90 tokens)
   src/main/java/emissary/util/CaseInsensitiveMap.java [67:4 - 77:4]

Clone found (java):
 - src/main/java/emissary/transform/JavascriptEscapePlace.java [52:22 - 75:38] (23 lines, 129 tokens)
   src/main/java/emissary/transform/JsonEscapePlace.java [52:16 - 75:32]

Clone found (java):
 - src/main/java/emissary/place/MultiFileUnixCommandPlace.java [160:12 - 193:8] (33 lines, 107 tokens)
   src/main/java/emissary/place/UnixCommandPlace.java [117:2 - 147:8]

Clone found (java):
 - src/main/java/emissary/place/MultiFileUnixCommandPlace.java [185:2 - 204:2] (19 lines, 134 tokens)
   src/main/java/emissary/place/UnixCommandPlace.java [149:12 - 167:7]

Clone found (java):
 - src/main/java/emissary/pickup/PriorityDirectory.java [38:2 - 48:10] (10 lines, 85 tokens)
   src/main/java/emissary/pickup/WorkBundle.java [545:2 - 557:8]

Clone found (java):
 - src/main/java/emissary/parser/SimpleNioParser.java [79:2 - 86:2] (7 lines, 85 tokens)
   src/main/java/emissary/parser/SimpleParser.java [96:2 - 103:2]

Clone found (java):
 - src/main/java/emissary/parser/InputSession.java [3:16 - 24:4] (21 lines, 67 tokens)
   src/main/java/emissary/parser/SimpleParser.java [1:7 - 17:4]

Clone found (java):
 - src/main/java/emissary/kff/Ssdeep.java [421:5 - 439:8] (18 lines, 89 tokens)
   src/main/java/emissary/kff/Ssdeep.java [406:5 - 418:7]

Clone found (java):
 - src/main/java/emissary/kff/Ssdeep.java [445:7 - 456:2] (11 lines, 88 tokens)
   src/main/java/emissary/kff/Ssdeep.java [406:5 - 418:7]

Clone found (java):
 - src/main/java/emissary/kff/KffFile.java [6:8 - 14:6] (8 lines, 67 tokens)
   src/main/java/emissary/core/channels/SeekableByteChannelHelper.java [6:9 - 14:5]

Clone found (java):
 - src/main/java/emissary/kff/KffFile.java [244:9 - 254:13] (10 lines, 158 tokens)
   src/main/java/emissary/kff/KffQuincyFile.java [31:8 - 41:13]

Clone found (java):
 - src/main/java/emissary/kff/KffDataObjectHandler.java [143:5 - 158:2] (15 lines, 134 tokens)
   src/main/java/emissary/kff/KffDataObjectHandler.java [100:5 - 114:6]

Clone found (java):
 - src/main/java/emissary/kff/KffChainLoader.java [109:2 - 114:11] (5 lines, 98 tokens)
   src/main/java/emissary/kff/KffQuincyFile.java [36:2 - 41:5]

Clone found (java):
 - src/main/java/emissary/kff/KffChain.java [1:4 - 11:10] (10 lines, 69 tokens)
   src/main/java/emissary/kff/KffDataObjectHandler.java [3:16 - 12:8]

Clone found (java):
 - src/main/java/emissary/kff/KffChain.java [159:2 - 185:8] (26 lines, 144 tokens)
   src/main/java/emissary/kff/KffChain.java [125:2 - 151:8]

Clone found (java):
 - src/main/java/emissary/kff/ChecksumCalculator.java [81:2 - 97:8] (16 lines, 101 tokens)
   src/main/java/emissary/kff/ChecksumCalculator.java [61:2 - 79:8]

Clone found (java):
 - src/main/java/emissary/jni/JNI.java [4:13 - 13:4] (9 lines, 68 tokens)
   src/main/java/emissary/server/mvc/DumpDirectoryAction.java [1:4 - 10:9]

Clone found (java):
 - src/main/java/emissary/directory/HeartbeatManager.java [10:21 - 18:5] (8 lines, 79 tokens)
   src/main/java/emissary/server/mvc/adapters/WorkSpaceAdapter.java [10:11 - 18:5]

Clone found (java):
 - src/main/java/emissary/directory/HeartbeatManager.java [234:13 - 242:6] (8 lines, 94 tokens)
   src/main/java/emissary/directory/HeartbeatManager.java [214:16 - 222:7]

Clone found (java):
 - src/main/java/emissary/core/IBaseDataObjectXmlCodecs.java [36:5 - 43:6] (7 lines, 104 tokens)
   src/main/java/emissary/core/IBaseDataObjectXmlHelper.java [31:3 - 38:7]

Clone found (java):
 - src/main/java/emissary/core/IBaseDataObjectXmlCodecs.java [434:13 - 444:7] (10 lines, 154 tokens)
   src/main/java/emissary/core/IBaseDataObjectXmlCodecs.java [413:2 - 423:5]

Clone found (java):
 - src/main/java/emissary/core/IBaseDataObjectXmlCodecs.java [480:2 - 489:21] (9 lines, 107 tokens)
   src/main/java/emissary/core/IBaseDataObjectXmlCodecs.java [456:2 - 465:23]

Clone found (java):
 - src/main/java/emissary/core/AgentPoolHealthCheck.java [12:9 - 24:7] (12 lines, 151 tokens)
   src/main/java/emissary/server/api/Pool.java [73:13 - 85:32]

Clone found (java):
 - src/main/java/emissary/command/FeedCommand.java [124:2 - 134:2] (10 lines, 87 tokens)
   src/main/java/emissary/command/HttpCommand.java [102:2 - 112:3]

Clone found (javascript):
 - target-idea/classes/public/js/emissary_nav.js [1:1 - 10:11] (9 lines, 90 tokens)
   src/main/resources/public/js/emissary.js [1:1 - 10:23]

Clone found (javascript):
 - target-idea/classes/public/js/emissary_nav.js [30:15 - 37:2] (7 lines, 81 tokens)
   src/main/resources/public/js/emissary.js [11:5 - 19:9]

Clone found (javascript):
 - target-idea/classes/public/js/emissary_nav.js [36:9 - 48:2] (12 lines, 94 tokens)
   src/main/resources/public/js/emissary.js [19:2 - 31:2]

Clone found (css):
 - target-idea/classes/public/css/emissary.css [1:1 - 116:2] (115 lines, 602 tokens)
   src/main/resources/public/css/emissary.css [1:1 - 116:2]

Clone found (javascript):
 - target-eclipse/classes/public/js/emissary_nav.js [1:1 - 48:2] (47 lines, 513 tokens)
   src/main/resources/public/js/emissary.js [1:1 - 31:2]

Clone found (css):
 - target-eclipse/classes/public/css/emissary.css [1:1 - 116:2] (115 lines, 602 tokens)
   src/main/resources/public/css/emissary.css [1:1 - 116:2]

Clone found (javascript):
 - target/classes/public/js/emissary.js [1:1 - 31:2] (30 lines, 310 tokens)
   src/main/resources/public/js/emissary.js [1:1 - 31:2]

Clone found (css):
 - target/classes/public/css/emissary.css [1:1 - 116:2] (115 lines, 602 tokens)
   src/main/resources/public/css/emissary.css [1:1 - 116:2]

Clone found (java):
 - src/test/java/emissary/EmissaryTest.java [18:4 - 25:6] (7 lines, 72 tokens)
   src/test/java/emissary/server/api/EmissaryApiTest.java [43:13 - 48:7]

Clone found (javascript):
 - target/apidocs/script-dir/jquery-ui.min.js [1:1 - 6:2] (5 lines, 12988 tokens)
   target/testapidocs/script-dir/jquery-ui.min.js [1:1 - 6:2]

Clone found (css):
 - target/apidocs/script-dir/jquery-ui.min.css [1:1 - 6:2] (5 lines, 375 tokens)
   target/testapidocs/script-dir/jquery-ui.min.css [1:1 - 6:2]

Clone found (markdown):
 - target/surefire-reports/emissary.util.web.UrlTest-output.txt [180:1 - 252:30] (72 lines, 162 tokens)
   target/surefire-reports/emissary.util.web.UrlTest-output.txt [76:1 - 148:30]

Clone found (markdown):
 - target/surefire-reports/emissary.util.web.UrlTest-output.txt [285:1 - 358:13] (73 lines, 166 tokens)
   target/surefire-reports/emissary.util.web.UrlTest-output.txt [76:1 - 149:13]

Clone found (markdown):
 - target/surefire-reports/emissary.util.shell.ExecutrixTest-output.txt [146:1 - 216:11] (70 lines, 140 tokens)
   target/surefire-reports/emissary.util.web.UrlTest-output.txt [76:1 - 146:7]

Clone found (markdown):
 - target/surefire-reports/emissary.util.shell.ExecutrixTest-output.txt [360:1 - 430:13] (70 lines, 142 tokens)
   target/surefire-reports/emissary.util.web.UrlTest-output.txt [76:1 - 216:13]

Clone found (markdown):
 - target/surefire-reports/emissary.util.TypeEngineTest-output.txt [91:1 - 161:13] (70 lines, 142 tokens)
   target/surefire-reports/emissary.util.web.UrlTest-output.txt [76:1 - 216:13]

Clone found (markdown):
 - target/surefire-reports/emissary.util.DisposeHelperTest-output.txt [8:1 - 78:13] (70 lines, 142 tokens)
   target/surefire-reports/emissary.util.web.UrlTest-output.txt [76:1 - 216:13]

Clone found (markdown):
 - target/surefire-reports/emissary.transform.decode.JsonEscapeTest-output.txt [1:1 - 22:13] (21 lines, 298 tokens)
   target/surefire-reports/emissary.util.MetadataDictionaryUtilTest-output.txt [34:1 - 55:13]

Clone found (markdown):
 - target/surefire-reports/emissary.server.mvc.internal.WorkSpaceClientSpaceTakeActionTest-output.txt [264:2 - 314:13] (50 lines, 156 tokens)
   target/surefire-reports/emissary.server.mvc.internal.WorkSpaceClientSpaceTakeActionTest-output.txt [189:2 - 239:13]

Clone found (markdown):
 - target/surefire-reports/emissary.server.api.EmissaryApiTest-output.txt [372:1 - 441:78] (69 lines, 138 tokens)
   target/surefire-reports/emissary.util.web.UrlTest-output.txt [76:1 - 145:78]

Clone found (markdown):
 - target/surefire-reports/emissary.place.ServiceProviderPlaceGetTLDTest-output.txt [41:1 - 60:13] (19 lines, 648 tokens)
   target/surefire-reports/emissary.place.ServiceProviderPlaceGetTLDTest-output.txt [40:1 - 43:13]

Clone found (markdown):
 - target/surefire-reports/emissary.parser.InputSessionTest-output.txt [99:98 - 110:13] (11 lines, 279 tokens)
   target/surefire-reports/emissary.util.web.UrlDataTest-output.txt [145:98 - 156:13]

Clone found (markdown):
 - target/surefire-reports/emissary.output.DropOffPlaceTest-output.txt [128:1 - 198:13] (70 lines, 142 tokens)
   target/surefire-reports/emissary.util.web.UrlTest-output.txt [76:1 - 216:13]

Clone found (markdown):
 - target/surefire-reports/emissary.kff.SsdeepTest-output.txt [121:98 - 126:23] (5 lines, 134 tokens)
   target/surefire-reports/emissary.parser.DataIdentifierTest-output.txt [125:98 - 130:19]

Clone found (markdown):
 - target/surefire-reports/emissary.directory.DirectoryPlaceTest-output.txt [166:2 - 171:13] (5 lines, 168 tokens)
   target/surefire-reports/emissary.directory.DirectoryPlaceTest-output.txt [159:2 - 164:13]

Clone found (markdown):
 - target/surefire-reports/emissary.core.channels.LoggingInputStreamFactoryTest-output.txt [18:1 - 88:13] (70 lines, 142 tokens)
   target/surefire-reports/emissary.util.web.UrlTest-output.txt [76:1 - 216:13]

Clone found (markdown):
 - target/surefire-reports/emissary.core.channels.LoggingInputStreamFactoryTest-output.txt [93:1 - 164:5] (71 lines, 168 tokens)
   target/surefire-reports/emissary.core.channels.LoggingInputStreamFactoryTest-output.txt [17:1 - 88:14]

Clone found (markdown):
 - target/surefire-reports/emissary.core.channels.LoggingInputStreamFactoryTest-output.txt [169:1 - 240:7] (71 lines, 168 tokens)
   target/surefire-reports/emissary.core.channels.LoggingInputStreamFactoryTest-output.txt [17:1 - 88:14]

Clone found (markdown):
 - target/surefire-reports/emissary.core.channels.LoggingInputStreamFactoryTest-output.txt [245:1 - 316:7] (71 lines, 168 tokens)
   target/surefire-reports/emissary.core.channels.LoggingInputStreamFactoryTest-output.txt [17:1 - 88:14]

Clone found (markdown):
 - target/surefire-reports/emissary.core.channels.LoggingInputStreamFactoryTest-output.txt [321:1 - 392:7] (71 lines, 168 tokens)
   target/surefire-reports/emissary.core.channels.LoggingInputStreamFactoryTest-output.txt [17:1 - 88:14]

Clone found (markdown):
 - target/surefire-reports/emissary.core.channels.LoggingInputStreamFactoryTest-output.txt [397:1 - 468:10] (71 lines, 168 tokens)
   target/surefire-reports/emissary.core.channels.LoggingInputStreamFactoryTest-output.txt [17:1 - 88:14]

Clone found (markdown):
 - target/surefire-reports/emissary.core.channels.LoggingInputStreamFactoryTest-output.txt [473:1 - 544:5] (71 lines, 168 tokens)
   target/surefire-reports/emissary.core.channels.LoggingInputStreamFactoryTest-output.txt [17:1 - 88:14]

Clone found (markdown):
 - target/surefire-reports/emissary.core.channels.LoggingInputStreamFactoryTest-output.txt [549:1 - 620:6] (71 lines, 168 tokens)
   target/surefire-reports/emissary.core.channels.LoggingInputStreamFactoryTest-output.txt [17:1 - 88:14]

Clone found (markdown):
 - target/surefire-reports/emissary.core.channels.LoggingInputStreamFactoryTest-output.txt [625:1 - 696:6] (71 lines, 168 tokens)
   target/surefire-reports/emissary.core.channels.LoggingInputStreamFactoryTest-output.txt [17:1 - 88:14]

Clone found (markdown):
 - target/surefire-reports/emissary.core.channels.LoggingInputStreamFactoryTest-output.txt [701:1 - 771:78] (70 lines, 140 tokens)
   target/surefire-reports/emissary.core.channels.LoggingInputStreamFactoryTest-output.txt [17:1 - 145:78]

Clone found (markdown):
 - target/surefire-reports/emissary.core.channels.LoggingChannelFactoryTest-output.txt [17:1 - 87:13] (70 lines, 142 tokens)
   target/surefire-reports/emissary.util.web.UrlTest-output.txt [76:1 - 216:13]

Clone found (markdown):
 - target/surefire-reports/emissary.core.channels.LoggingChannelFactoryTest-output.txt [92:1 - 163:9] (71 lines, 166 tokens)
   target/surefire-reports/emissary.core.channels.LoggingChannelFactoryTest-output.txt [16:1 - 87:6]

Clone found (markdown):
 - target/surefire-reports/emissary.core.channels.LoggingChannelFactoryTest-output.txt [168:1 - 239:9] (71 lines, 166 tokens)
   target/surefire-reports/emissary.core.channels.LoggingChannelFactoryTest-output.txt [16:1 - 87:6]

Clone found (markdown):
 - target/surefire-reports/emissary.core.channels.LoggingChannelFactoryTest-output.txt [244:1 - 315:13] (71 lines, 144 tokens)
   target/surefire-reports/emissary.core.channels.LoggingChannelFactoryTest-output.txt [16:1 - 216:13]

Clone found (markdown):
 - target/surefire-reports/emissary.core.channels.LoggingChannelFactoryTest-output.txt [320:1 - 391:5] (71 lines, 166 tokens)
   target/surefire-reports/emissary.core.channels.LoggingChannelFactoryTest-output.txt [16:1 - 315:9]

Clone found (markdown):
 - target/surefire-reports/emissary.core.channels.LoggingChannelFactoryTest-output.txt [396:1 - 467:5] (71 lines, 166 tokens)
   target/surefire-reports/emissary.core.channels.LoggingChannelFactoryTest-output.txt [16:1 - 315:9]

Clone found (markdown):
 - target/surefire-reports/emissary.core.channels.LoggingChannelFactoryTest-output.txt [472:1 - 543:7] (71 lines, 166 tokens)
   target/surefire-reports/emissary.core.channels.LoggingChannelFactoryTest-output.txt [16:1 - 315:9]

Clone found (markdown):
 - target/surefire-reports/emissary.core.channels.LoggingChannelFactoryTest-output.txt [548:1 - 619:13] (71 lines, 144 tokens)
   target/surefire-reports/emissary.core.channels.LoggingChannelFactoryTest-output.txt [16:1 - 216:13]

Clone found (markdown):
 - target/surefire-reports/emissary.core.channels.LoggingChannelFactoryTest-output.txt [624:1 - 694:78] (70 lines, 140 tokens)
   target/surefire-reports/emissary.core.channels.LoggingChannelFactoryTest-output.txt [16:1 - 145:78]

Clone found (markdown):
 - target/failsafe-reports/emissary.command.RunCommandIT-output.txt [95:1 - 156:106] (61 lines, 122 tokens)
   target/surefire-reports/emissary.util.web.UrlTest-output.txt [76:1 - 137:115]

Clone found (javascript):
 - target/apidocs/search.js [1:1 - 458:2] (457 lines, 4838 tokens)
   target/testapidocs/search.js [1:1 - 458:2]

Clone found (javascript):
 - target/apidocs/search-page.js [1:1 - 299:2] (298 lines, 3121 tokens)
   target/testapidocs/search-page.js [1:1 - 299:2]

Clone found (javascript):
 - target/apidocs/script.js [1:1 - 268:2] (267 lines, 2490 tokens)
   target/testapidocs/script.js [1:1 - 268:2]

┌────────────┬────────────────┬─────────────┬──────────────┬──────────────┬──────────────────┬───────────────────┐
│ Format     │ Files analyzed │ Total lines │ Total tokens │ Clones found │ Duplicated lines │ Duplicated tokens │
├────────────┼────────────────┼─────────────┼──────────────┼──────────────┼──────────────────┼───────────────────┤
│ java       │ 596            │ 80632       │ 637636       │ 407          │ 4250 (5.27%)     │ 42111 (6.6%)      │
├────────────┼────────────────┼─────────────┼──────────────┼──────────────┼──────────────────┼───────────────────┤
│ javascript │ 24             │ 2274        │ 108500       │ 11           │ 1143 (50.26%)    │ 54413 (50.15%)    │
├────────────┼────────────────┼─────────────┼──────────────┼──────────────┼──────────────────┼───────────────────┤
│ css        │ 9              │ 821         │ 5085         │ 4            │ 350 (42.63%)     │ 2181 (42.89%)     │
├────────────┼────────────────┼─────────────┼──────────────┼──────────────┼──────────────────┼───────────────────┤
│ smarty     │ 1              │ 61          │ 705          │ 0            │ 0 (0%)           │ 0 (0%)            │
├────────────┼────────────────┼─────────────┼──────────────┼──────────────┼──────────────────┼───────────────────┤
│ markdown   │ 315            │ 22242       │ 337734       │ 34           │ 2081 (9.36%)     │ 6005 (1.78%)      │
├────────────┼────────────────┼─────────────┼──────────────┼──────────────┼──────────────────┼───────────────────┤
│ properties │ 7              │ 708         │ 2746         │ 0            │ 0 (0%)           │ 0 (0%)            │
├────────────┼────────────────┼─────────────┼──────────────┼──────────────┼──────────────────┼───────────────────┤
│ bash       │ 7              │ 298         │ 1483         │ 0            │ 0 (0%)           │ 0 (0%)            │
├────────────┼────────────────┼─────────────┼──────────────┼──────────────┼──────────────────┼───────────────────┤
│ Total:     │ 959            │ 107036      │ 1093889      │ 456          │ 7824 (7.31%)     │ 104710 (9.57%)    │
└────────────┴────────────────┴─────────────┴──────────────┴──────────────┴──────────────────┴───────────────────┘
Found 456 clones.
HTML report saved to megalinter-reports/copy-paste/html/
ERROR: jscpd found too many duplicates (7.31%) over threshold (0%)
Error: ERROR: jscpd found too many duplicates (7.31%) over threshold (0%)
    at ThresholdReporter.report (/node-deps/node_modules/@jscpd/finder/dist/reporters/threshold.js:12:19)
    at /node-deps/node_modules/@jscpd/finder/dist/in-files-detector.js:82:26
    at Array.forEach (<anonymous>)
    at /node-deps/node_modules/@jscpd/finder/dist/in-files-detector.js:81:28
    at process.processTicksAndRejections (node:internal/process/task_queues:95:5)

